{"timestamp":"2025-09-17T17:19:21.793601","level":"info","event":"DAG bundles loaded: dags-folder, example_dags","logger":"airflow.dag_processing.bundles.manager.DagBundlesManager"}
{"timestamp":"2025-09-17T17:19:21.793766","level":"info","event":"Filling up the DagBag from /Users/rail/PracticalML/MLOps-practice/services/airflow/dags/deploy_model_pipeline.py","logger":"airflow.models.dagbag.DagBag"}
{"timestamp":"2025-09-17T17:19:21.820771Z","level":"info","event":"Task instance is in running state","chan":"stdout","logger":"task"}
{"timestamp":"2025-09-17T17:19:21.820842Z","level":"info","event":" Previous state of the Task instance: TaskInstanceState.QUEUED","chan":"stdout","logger":"task"}
{"timestamp":"2025-09-17T17:19:21.821063Z","level":"info","event":"Current task name:docker_compose_up","chan":"stdout","logger":"task"}
{"timestamp":"2025-09-17T17:19:21.821086Z","level":"info","event":"Dag name:deploy_model_pipeline","chan":"stdout","logger":"task"}
{"timestamp":"2025-09-17T17:19:21.821307","level":"info","event":"Tmp dir root location: /var/folders/2s/dztmgkl93_xfxpgb_dc8lwhw0000gn/T","logger":"airflow.task.hooks.airflow.providers.standard.hooks.subprocess.SubprocessHook"}
{"timestamp":"2025-09-17T17:19:21.821619","level":"info","event":"Running command: ['/bin/bash', '-c', 'cd /Users/rail/PracticalML/MLOps-practice/code/deployment && docker compose up -d --remove-orphans']","logger":"airflow.task.hooks.airflow.providers.standard.hooks.subprocess.SubprocessHook"}
{"timestamp":"2025-09-17T17:19:21.827005","level":"info","event":"Output:","logger":"airflow.task.hooks.airflow.providers.standard.hooks.subprocess.SubprocessHook"}
{"timestamp":"2025-09-17T17:19:21.887928","level":"info","event":"time=\"2025-09-17T20:19:21+03:00\" level=warning msg=\"/Users/rail/PracticalML/MLOps-practice/code/deployment/docker-compose.yml: the attribute `version` is obsolete, it will be ignored, please remove it to avoid potential confusion\"","logger":"airflow.task.hooks.airflow.providers.standard.hooks.subprocess.SubprocessHook"}
{"timestamp":"2025-09-17T17:19:21.908660","level":"info","event":" Container fastapi_service  Recreate","logger":"airflow.task.hooks.airflow.providers.standard.hooks.subprocess.SubprocessHook"}
{"timestamp":"2025-09-17T17:19:21.969818","level":"info","event":" Container fastapi_service  Recreated","logger":"airflow.task.hooks.airflow.providers.standard.hooks.subprocess.SubprocessHook"}
{"timestamp":"2025-09-17T17:19:21.969907","level":"info","event":" Container streamlit_app  Recreate","logger":"airflow.task.hooks.airflow.providers.standard.hooks.subprocess.SubprocessHook"}
{"timestamp":"2025-09-17T17:19:22.060220","level":"info","event":" Container streamlit_app  Recreated","logger":"airflow.task.hooks.airflow.providers.standard.hooks.subprocess.SubprocessHook"}
{"timestamp":"2025-09-17T17:19:22.076857","level":"info","event":" Container fastapi_service  Starting","logger":"airflow.task.hooks.airflow.providers.standard.hooks.subprocess.SubprocessHook"}
{"timestamp":"2025-09-17T17:19:22.197743","level":"info","event":" Container fastapi_service  Started","logger":"airflow.task.hooks.airflow.providers.standard.hooks.subprocess.SubprocessHook"}
{"timestamp":"2025-09-17T17:19:22.197809","level":"info","event":" Container streamlit_app  Starting","logger":"airflow.task.hooks.airflow.providers.standard.hooks.subprocess.SubprocessHook"}
{"timestamp":"2025-09-17T17:19:22.367583","level":"info","event":" Container streamlit_app  Started","logger":"airflow.task.hooks.airflow.providers.standard.hooks.subprocess.SubprocessHook"}
{"timestamp":"2025-09-17T17:19:22.381939","level":"info","event":"Command exited with return code 0","logger":"airflow.task.hooks.airflow.providers.standard.hooks.subprocess.SubprocessHook"}
{"timestamp":"2025-09-17T17:19:22.382732","level":"info","event":"Pushing xcom","ti":"RuntimeTaskInstance(id=UUID('019958b0-1627-768b-8235-122f7d742c1b'), task_id='docker_compose_up', dag_id='deploy_model_pipeline', run_id='manual__2025-09-17T17:19:19.053826+00:00', try_number=1, map_index=-1, hostname='macbook-air-rail.local', context_carrier=None, task=<Task(BashOperator): docker_compose_up>, bundle_instance=LocalDagBundle(name=dags-folder), max_tries=0, start_date=datetime.datetime(2025, 9, 17, 17, 19, 21, 572163, tzinfo=datetime.timezone.utc), end_date=None, state=<TaskInstanceState.RUNNING: 'running'>, is_mapped=False, rendered_map_index=None, log_url='http://localhost:8080/dags/deploy_model_pipeline/runs/manual__2025-09-17T17%3A19%3A19.053826%2B00%3A00/tasks/docker_compose_up?try_number=1')","logger":"task"}
{"timestamp":"2025-09-17T17:19:22.420603Z","level":"info","event":"Task instance in success state","chan":"stdout","logger":"task"}
{"timestamp":"2025-09-17T17:19:22.420676Z","level":"info","event":" Previous state of the Task instance: TaskInstanceState.RUNNING","chan":"stdout","logger":"task"}
{"timestamp":"2025-09-17T17:19:22.421510Z","level":"info","event":"Task operator:<Task(BashOperator): docker_compose_up>","chan":"stdout","logger":"task"}
