{"timestamp":"2025-09-17T16:40:00.324121","level":"info","event":"DAG bundles loaded: dags-folder, example_dags","logger":"airflow.dag_processing.bundles.manager.DagBundlesManager"}
{"timestamp":"2025-09-17T16:40:00.324309","level":"info","event":"Filling up the DagBag from /Users/rail/PracticalML/MLOps-practice/services/airflow/dags/deploy_model_pipeline.py","logger":"airflow.models.dagbag.DagBag"}
{"timestamp":"2025-09-17T16:40:00.355677Z","level":"info","event":"Task instance is in running state","chan":"stdout","logger":"task"}
{"timestamp":"2025-09-17T16:40:00.355747Z","level":"info","event":" Previous state of the Task instance: TaskInstanceState.QUEUED","chan":"stdout","logger":"task"}
{"timestamp":"2025-09-17T16:40:00.355955Z","level":"info","event":"Current task name:docker_compose_up","chan":"stdout","logger":"task"}
{"timestamp":"2025-09-17T16:40:00.355981Z","level":"info","event":"Dag name:deploy_model_pipeline","chan":"stdout","logger":"task"}
{"timestamp":"2025-09-17T16:40:00.356230","level":"info","event":"Tmp dir root location: /var/folders/2s/dztmgkl93_xfxpgb_dc8lwhw0000gn/T","logger":"airflow.task.hooks.airflow.providers.standard.hooks.subprocess.SubprocessHook"}
{"timestamp":"2025-09-17T16:40:00.356553","level":"info","event":"Running command: ['/bin/bash', '-c', 'cd /Users/rail/PracticalML/MLOps-practice/code/deployment && docker compose up -d --remove-orphans']","logger":"airflow.task.hooks.airflow.providers.standard.hooks.subprocess.SubprocessHook"}
{"timestamp":"2025-09-17T16:40:00.361819","level":"info","event":"Output:","logger":"airflow.task.hooks.airflow.providers.standard.hooks.subprocess.SubprocessHook"}
{"timestamp":"2025-09-17T16:40:00.431520","level":"info","event":"time=\"2025-09-17T19:40:00+03:00\" level=warning msg=\"/Users/rail/PracticalML/MLOps-practice/code/deployment/docker-compose.yml: the attribute `version` is obsolete, it will be ignored, please remove it to avoid potential confusion\"","logger":"airflow.task.hooks.airflow.providers.standard.hooks.subprocess.SubprocessHook"}
{"timestamp":"2025-09-17T16:40:00.453633","level":"info","event":" Container fastapi_service  Recreate","logger":"airflow.task.hooks.airflow.providers.standard.hooks.subprocess.SubprocessHook"}
{"timestamp":"2025-09-17T16:40:01.102667","level":"info","event":" Container fastapi_service  Recreated","logger":"airflow.task.hooks.airflow.providers.standard.hooks.subprocess.SubprocessHook"}
{"timestamp":"2025-09-17T16:40:01.102819","level":"info","event":" Container streamlit_app  Recreate","logger":"airflow.task.hooks.airflow.providers.standard.hooks.subprocess.SubprocessHook"}
{"timestamp":"2025-09-17T16:40:01.441213","level":"info","event":" Container streamlit_app  Recreated","logger":"airflow.task.hooks.airflow.providers.standard.hooks.subprocess.SubprocessHook"}
{"timestamp":"2025-09-17T16:40:01.465593","level":"info","event":" Container fastapi_service  Starting","logger":"airflow.task.hooks.airflow.providers.standard.hooks.subprocess.SubprocessHook"}
{"timestamp":"2025-09-17T16:40:01.558146","level":"info","event":" Container fastapi_service  Started","logger":"airflow.task.hooks.airflow.providers.standard.hooks.subprocess.SubprocessHook"}
{"timestamp":"2025-09-17T16:40:01.558293","level":"info","event":" Container streamlit_app  Starting","logger":"airflow.task.hooks.airflow.providers.standard.hooks.subprocess.SubprocessHook"}
{"timestamp":"2025-09-17T16:40:01.678622","level":"info","event":" Container streamlit_app  Started","logger":"airflow.task.hooks.airflow.providers.standard.hooks.subprocess.SubprocessHook"}
{"timestamp":"2025-09-17T16:40:01.687065","level":"info","event":"Command exited with return code 0","logger":"airflow.task.hooks.airflow.providers.standard.hooks.subprocess.SubprocessHook"}
{"timestamp":"2025-09-17T16:40:01.687831","level":"info","event":"Pushing xcom","ti":"RuntimeTaskInstance(id=UUID('0199588c-042b-74f9-ac17-0d9da6c730a0'), task_id='docker_compose_up', dag_id='deploy_model_pipeline', run_id='manual__2025-09-17T16:39:55.166658+00:00', try_number=1, map_index=-1, hostname='macbook-air-rail.local', context_carrier=None, task=<Task(BashOperator): docker_compose_up>, bundle_instance=LocalDagBundle(name=dags-folder), max_tries=0, start_date=datetime.datetime(2025, 9, 17, 16, 40, 0, 49820, tzinfo=datetime.timezone.utc), end_date=None, state=<TaskInstanceState.RUNNING: 'running'>, is_mapped=False, rendered_map_index=None, log_url='http://localhost:8080/dags/deploy_model_pipeline/runs/manual__2025-09-17T16%3A39%3A55.166658%2B00%3A00/tasks/docker_compose_up?try_number=1')","logger":"task"}
{"timestamp":"2025-09-17T16:40:01.710393Z","level":"info","event":"Task instance in success state","chan":"stdout","logger":"task"}
{"timestamp":"2025-09-17T16:40:01.710452Z","level":"info","event":" Previous state of the Task instance: TaskInstanceState.RUNNING","chan":"stdout","logger":"task"}
{"timestamp":"2025-09-17T16:40:01.710829Z","level":"info","event":"Task operator:<Task(BashOperator): docker_compose_up>","chan":"stdout","logger":"task"}
