{"timestamp":"2025-09-17T16:38:54.808250","level":"info","event":"DAG bundles loaded: dags-folder, example_dags","logger":"airflow.dag_processing.bundles.manager.DagBundlesManager"}
{"timestamp":"2025-09-17T16:38:54.808416","level":"info","event":"Filling up the DagBag from /Users/rail/PracticalML/MLOps-practice/services/airflow/dags/model_training_dag_simple.py","logger":"airflow.models.dagbag.DagBag"}
{"timestamp":"2025-09-17T16:38:54.847097Z","level":"info","event":"Task instance is in running state","chan":"stdout","logger":"task"}
{"timestamp":"2025-09-17T16:38:54.847165Z","level":"info","event":" Previous state of the Task instance: TaskInstanceState.QUEUED","chan":"stdout","logger":"task"}
{"timestamp":"2025-09-17T16:38:54.847352Z","level":"info","event":"Current task name:train_model","chan":"stdout","logger":"task"}
{"timestamp":"2025-09-17T16:38:54.847379Z","level":"info","event":"Dag name:model_training_dag_simple","chan":"stdout","logger":"task"}
{"timestamp":"2025-09-17T16:38:54.847604","level":"info","event":"Tmp dir root location: /var/folders/2s/dztmgkl93_xfxpgb_dc8lwhw0000gn/T","logger":"airflow.task.hooks.airflow.providers.standard.hooks.subprocess.SubprocessHook"}
{"timestamp":"2025-09-17T16:38:54.847916","level":"info","event":"Running command: ['/bin/bash', '-c', 'python3 /Users/rail/PracticalML/MLOps-practice/code/models/logistic_exp1.py']","logger":"airflow.task.hooks.airflow.providers.standard.hooks.subprocess.SubprocessHook"}
{"timestamp":"2025-09-17T16:38:54.853809","level":"info","event":"Output:","logger":"airflow.task.hooks.airflow.providers.standard.hooks.subprocess.SubprocessHook"}
{"timestamp":"2025-09-17T16:38:56.045994","level":"info","event":"/Users/rail/PracticalML/MLOps-practice/.venv/lib/python3.9/site-packages/urllib3/__init__.py:35: NotOpenSSLWarning: urllib3 v2 only supports OpenSSL 1.1.1+, currently the 'ssl' module is compiled with 'LibreSSL 2.8.3'. See: https://github.com/urllib3/urllib3/issues/3020","logger":"airflow.task.hooks.airflow.providers.standard.hooks.subprocess.SubprocessHook"}
{"timestamp":"2025-09-17T16:38:56.046134","level":"info","event":"  warnings.warn(","logger":"airflow.task.hooks.airflow.providers.standard.hooks.subprocess.SubprocessHook"}
{"timestamp":"2025-09-17T16:38:57.095410","level":"info","event":"/Users/rail/PracticalML/MLOps-practice/.venv/lib/python3.9/site-packages/sklearn/utils/extmath.py:203: RuntimeWarning: divide by zero encountered in matmul","logger":"airflow.task.hooks.airflow.providers.standard.hooks.subprocess.SubprocessHook"}
{"timestamp":"2025-09-17T16:38:57.095550","level":"info","event":"  ret = a @ b","logger":"airflow.task.hooks.airflow.providers.standard.hooks.subprocess.SubprocessHook"}
{"timestamp":"2025-09-17T16:38:57.095585","level":"info","event":"/Users/rail/PracticalML/MLOps-practice/.venv/lib/python3.9/site-packages/sklearn/utils/extmath.py:203: RuntimeWarning: overflow encountered in matmul","logger":"airflow.task.hooks.airflow.providers.standard.hooks.subprocess.SubprocessHook"}
{"timestamp":"2025-09-17T16:38:57.095609","level":"info","event":"  ret = a @ b","logger":"airflow.task.hooks.airflow.providers.standard.hooks.subprocess.SubprocessHook"}
{"timestamp":"2025-09-17T16:38:57.095631","level":"info","event":"/Users/rail/PracticalML/MLOps-practice/.venv/lib/python3.9/site-packages/sklearn/utils/extmath.py:203: RuntimeWarning: invalid value encountered in matmul","logger":"airflow.task.hooks.airflow.providers.standard.hooks.subprocess.SubprocessHook"}
{"timestamp":"2025-09-17T16:38:57.095652","level":"info","event":"  ret = a @ b","logger":"airflow.task.hooks.airflow.providers.standard.hooks.subprocess.SubprocessHook"}
{"timestamp":"2025-09-17T16:38:57.551491","level":"info","event":"/Users/rail/PracticalML/MLOps-practice/.venv/lib/python3.9/site-packages/sklearn/utils/extmath.py:203: RuntimeWarning: divide by zero encountered in matmul","logger":"airflow.task.hooks.airflow.providers.standard.hooks.subprocess.SubprocessHook"}
{"timestamp":"2025-09-17T16:38:57.551615","level":"info","event":"  ret = a @ b","logger":"airflow.task.hooks.airflow.providers.standard.hooks.subprocess.SubprocessHook"}
{"timestamp":"2025-09-17T16:38:57.551648","level":"info","event":"/Users/rail/PracticalML/MLOps-practice/.venv/lib/python3.9/site-packages/sklearn/utils/extmath.py:203: RuntimeWarning: overflow encountered in matmul","logger":"airflow.task.hooks.airflow.providers.standard.hooks.subprocess.SubprocessHook"}
{"timestamp":"2025-09-17T16:38:57.551671","level":"info","event":"  ret = a @ b","logger":"airflow.task.hooks.airflow.providers.standard.hooks.subprocess.SubprocessHook"}
{"timestamp":"2025-09-17T16:38:57.551692","level":"info","event":"/Users/rail/PracticalML/MLOps-practice/.venv/lib/python3.9/site-packages/sklearn/utils/extmath.py:203: RuntimeWarning: invalid value encountered in matmul","logger":"airflow.task.hooks.airflow.providers.standard.hooks.subprocess.SubprocessHook"}
{"timestamp":"2025-09-17T16:38:57.551713","level":"info","event":"  ret = a @ b","logger":"airflow.task.hooks.airflow.providers.standard.hooks.subprocess.SubprocessHook"}
{"timestamp":"2025-09-17T16:38:57.864985","level":"info","event":"/Users/rail/PracticalML/MLOps-practice/.venv/lib/python3.9/site-packages/sklearn/utils/extmath.py:203: RuntimeWarning: divide by zero encountered in matmul","logger":"airflow.task.hooks.airflow.providers.standard.hooks.subprocess.SubprocessHook"}
{"timestamp":"2025-09-17T16:38:57.865054","level":"info","event":"  ret = a @ b","logger":"airflow.task.hooks.airflow.providers.standard.hooks.subprocess.SubprocessHook"}
{"timestamp":"2025-09-17T16:38:57.865084","level":"info","event":"/Users/rail/PracticalML/MLOps-practice/.venv/lib/python3.9/site-packages/sklearn/utils/extmath.py:203: RuntimeWarning: overflow encountered in matmul","logger":"airflow.task.hooks.airflow.providers.standard.hooks.subprocess.SubprocessHook"}
{"timestamp":"2025-09-17T16:38:57.865106","level":"info","event":"  ret = a @ b","logger":"airflow.task.hooks.airflow.providers.standard.hooks.subprocess.SubprocessHook"}
{"timestamp":"2025-09-17T16:38:57.865127","level":"info","event":"/Users/rail/PracticalML/MLOps-practice/.venv/lib/python3.9/site-packages/sklearn/utils/extmath.py:203: RuntimeWarning: invalid value encountered in matmul","logger":"airflow.task.hooks.airflow.providers.standard.hooks.subprocess.SubprocessHook"}
{"timestamp":"2025-09-17T16:38:57.865148","level":"info","event":"  ret = a @ b","logger":"airflow.task.hooks.airflow.providers.standard.hooks.subprocess.SubprocessHook"}
{"timestamp":"2025-09-17T16:38:58.382332","level":"info","event":"/Users/rail/PracticalML/MLOps-practice/.venv/lib/python3.9/site-packages/sklearn/utils/extmath.py:203: RuntimeWarning: divide by zero encountered in matmul","logger":"airflow.task.hooks.airflow.providers.standard.hooks.subprocess.SubprocessHook"}
{"timestamp":"2025-09-17T16:38:58.382645","level":"info","event":"  ret = a @ b","logger":"airflow.task.hooks.airflow.providers.standard.hooks.subprocess.SubprocessHook"}
{"timestamp":"2025-09-17T16:38:58.382723","level":"info","event":"/Users/rail/PracticalML/MLOps-practice/.venv/lib/python3.9/site-packages/sklearn/utils/extmath.py:203: RuntimeWarning: overflow encountered in matmul","logger":"airflow.task.hooks.airflow.providers.standard.hooks.subprocess.SubprocessHook"}
{"timestamp":"2025-09-17T16:38:58.382754","level":"info","event":"  ret = a @ b","logger":"airflow.task.hooks.airflow.providers.standard.hooks.subprocess.SubprocessHook"}
{"timestamp":"2025-09-17T16:38:58.382853","level":"info","event":"/Users/rail/PracticalML/MLOps-practice/.venv/lib/python3.9/site-packages/sklearn/utils/extmath.py:203: RuntimeWarning: invalid value encountered in matmul","logger":"airflow.task.hooks.airflow.providers.standard.hooks.subprocess.SubprocessHook"}
{"timestamp":"2025-09-17T16:38:58.382885","level":"info","event":"  ret = a @ b","logger":"airflow.task.hooks.airflow.providers.standard.hooks.subprocess.SubprocessHook"}
{"timestamp":"2025-09-17T16:38:58.882289","level":"info","event":"/Users/rail/PracticalML/MLOps-practice/.venv/lib/python3.9/site-packages/sklearn/utils/extmath.py:203: RuntimeWarning: divide by zero encountered in matmul","logger":"airflow.task.hooks.airflow.providers.standard.hooks.subprocess.SubprocessHook"}
{"timestamp":"2025-09-17T16:38:58.882357","level":"info","event":"  ret = a @ b","logger":"airflow.task.hooks.airflow.providers.standard.hooks.subprocess.SubprocessHook"}
{"timestamp":"2025-09-17T16:38:58.882386","level":"info","event":"/Users/rail/PracticalML/MLOps-practice/.venv/lib/python3.9/site-packages/sklearn/utils/extmath.py:203: RuntimeWarning: overflow encountered in matmul","logger":"airflow.task.hooks.airflow.providers.standard.hooks.subprocess.SubprocessHook"}
{"timestamp":"2025-09-17T16:38:58.882409","level":"info","event":"  ret = a @ b","logger":"airflow.task.hooks.airflow.providers.standard.hooks.subprocess.SubprocessHook"}
{"timestamp":"2025-09-17T16:38:58.882431","level":"info","event":"/Users/rail/PracticalML/MLOps-practice/.venv/lib/python3.9/site-packages/sklearn/utils/extmath.py:203: RuntimeWarning: invalid value encountered in matmul","logger":"airflow.task.hooks.airflow.providers.standard.hooks.subprocess.SubprocessHook"}
{"timestamp":"2025-09-17T16:38:58.882452","level":"info","event":"  ret = a @ b","logger":"airflow.task.hooks.airflow.providers.standard.hooks.subprocess.SubprocessHook"}
{"timestamp":"2025-09-17T16:38:59.211014","level":"info","event":"/Users/rail/PracticalML/MLOps-practice/.venv/lib/python3.9/site-packages/sklearn/utils/extmath.py:203: RuntimeWarning: divide by zero encountered in matmul","logger":"airflow.task.hooks.airflow.providers.standard.hooks.subprocess.SubprocessHook"}
{"timestamp":"2025-09-17T16:38:59.211098","level":"info","event":"  ret = a @ b","logger":"airflow.task.hooks.airflow.providers.standard.hooks.subprocess.SubprocessHook"}
{"timestamp":"2025-09-17T16:38:59.211130","level":"info","event":"/Users/rail/PracticalML/MLOps-practice/.venv/lib/python3.9/site-packages/sklearn/utils/extmath.py:203: RuntimeWarning: overflow encountered in matmul","logger":"airflow.task.hooks.airflow.providers.standard.hooks.subprocess.SubprocessHook"}
{"timestamp":"2025-09-17T16:38:59.211153","level":"info","event":"  ret = a @ b","logger":"airflow.task.hooks.airflow.providers.standard.hooks.subprocess.SubprocessHook"}
{"timestamp":"2025-09-17T16:38:59.211175","level":"info","event":"/Users/rail/PracticalML/MLOps-practice/.venv/lib/python3.9/site-packages/sklearn/utils/extmath.py:203: RuntimeWarning: invalid value encountered in matmul","logger":"airflow.task.hooks.airflow.providers.standard.hooks.subprocess.SubprocessHook"}
{"timestamp":"2025-09-17T16:38:59.211197","level":"info","event":"  ret = a @ b","logger":"airflow.task.hooks.airflow.providers.standard.hooks.subprocess.SubprocessHook"}
{"timestamp":"2025-09-17T16:38:59.538483","level":"info","event":"/Users/rail/PracticalML/MLOps-practice/.venv/lib/python3.9/site-packages/sklearn/utils/extmath.py:203: RuntimeWarning: divide by zero encountered in matmul","logger":"airflow.task.hooks.airflow.providers.standard.hooks.subprocess.SubprocessHook"}
{"timestamp":"2025-09-17T16:38:59.538548","level":"info","event":"  ret = a @ b","logger":"airflow.task.hooks.airflow.providers.standard.hooks.subprocess.SubprocessHook"}
{"timestamp":"2025-09-17T16:38:59.538575","level":"info","event":"/Users/rail/PracticalML/MLOps-practice/.venv/lib/python3.9/site-packages/sklearn/utils/extmath.py:203: RuntimeWarning: overflow encountered in matmul","logger":"airflow.task.hooks.airflow.providers.standard.hooks.subprocess.SubprocessHook"}
{"timestamp":"2025-09-17T16:38:59.538597","level":"info","event":"  ret = a @ b","logger":"airflow.task.hooks.airflow.providers.standard.hooks.subprocess.SubprocessHook"}
{"timestamp":"2025-09-17T16:38:59.538617","level":"info","event":"/Users/rail/PracticalML/MLOps-practice/.venv/lib/python3.9/site-packages/sklearn/utils/extmath.py:203: RuntimeWarning: invalid value encountered in matmul","logger":"airflow.task.hooks.airflow.providers.standard.hooks.subprocess.SubprocessHook"}
{"timestamp":"2025-09-17T16:38:59.538638","level":"info","event":"  ret = a @ b","logger":"airflow.task.hooks.airflow.providers.standard.hooks.subprocess.SubprocessHook"}
{"timestamp":"2025-09-17T16:38:59.750769","level":"info","event":"/Users/rail/PracticalML/MLOps-practice/.venv/lib/python3.9/site-packages/sklearn/utils/extmath.py:203: RuntimeWarning: divide by zero encountered in matmul","logger":"airflow.task.hooks.airflow.providers.standard.hooks.subprocess.SubprocessHook"}
{"timestamp":"2025-09-17T16:38:59.750824","level":"info","event":"  ret = a @ b","logger":"airflow.task.hooks.airflow.providers.standard.hooks.subprocess.SubprocessHook"}
{"timestamp":"2025-09-17T16:38:59.750848","level":"info","event":"/Users/rail/PracticalML/MLOps-practice/.venv/lib/python3.9/site-packages/sklearn/utils/extmath.py:203: RuntimeWarning: overflow encountered in matmul","logger":"airflow.task.hooks.airflow.providers.standard.hooks.subprocess.SubprocessHook"}
{"timestamp":"2025-09-17T16:38:59.750869","level":"info","event":"  ret = a @ b","logger":"airflow.task.hooks.airflow.providers.standard.hooks.subprocess.SubprocessHook"}
{"timestamp":"2025-09-17T16:38:59.750888","level":"info","event":"/Users/rail/PracticalML/MLOps-practice/.venv/lib/python3.9/site-packages/sklearn/utils/extmath.py:203: RuntimeWarning: invalid value encountered in matmul","logger":"airflow.task.hooks.airflow.providers.standard.hooks.subprocess.SubprocessHook"}
{"timestamp":"2025-09-17T16:38:59.750908","level":"info","event":"  ret = a @ b","logger":"airflow.task.hooks.airflow.providers.standard.hooks.subprocess.SubprocessHook"}
{"timestamp":"2025-09-17T16:39:00.082941","level":"info","event":"/Users/rail/PracticalML/MLOps-practice/.venv/lib/python3.9/site-packages/sklearn/utils/extmath.py:203: RuntimeWarning: divide by zero encountered in matmul","logger":"airflow.task.hooks.airflow.providers.standard.hooks.subprocess.SubprocessHook"}
{"timestamp":"2025-09-17T16:39:00.083008","level":"info","event":"  ret = a @ b","logger":"airflow.task.hooks.airflow.providers.standard.hooks.subprocess.SubprocessHook"}
{"timestamp":"2025-09-17T16:39:00.083038","level":"info","event":"/Users/rail/PracticalML/MLOps-practice/.venv/lib/python3.9/site-packages/sklearn/utils/extmath.py:203: RuntimeWarning: overflow encountered in matmul","logger":"airflow.task.hooks.airflow.providers.standard.hooks.subprocess.SubprocessHook"}
{"timestamp":"2025-09-17T16:39:00.083061","level":"info","event":"  ret = a @ b","logger":"airflow.task.hooks.airflow.providers.standard.hooks.subprocess.SubprocessHook"}
{"timestamp":"2025-09-17T16:39:00.083082","level":"info","event":"/Users/rail/PracticalML/MLOps-practice/.venv/lib/python3.9/site-packages/sklearn/utils/extmath.py:203: RuntimeWarning: invalid value encountered in matmul","logger":"airflow.task.hooks.airflow.providers.standard.hooks.subprocess.SubprocessHook"}
{"timestamp":"2025-09-17T16:39:00.083102","level":"info","event":"  ret = a @ b","logger":"airflow.task.hooks.airflow.providers.standard.hooks.subprocess.SubprocessHook"}
{"timestamp":"2025-09-17T16:39:00.478365","level":"info","event":"/Users/rail/PracticalML/MLOps-practice/.venv/lib/python3.9/site-packages/sklearn/utils/extmath.py:203: RuntimeWarning: divide by zero encountered in matmul","logger":"airflow.task.hooks.airflow.providers.standard.hooks.subprocess.SubprocessHook"}
{"timestamp":"2025-09-17T16:39:00.478447","level":"info","event":"  ret = a @ b","logger":"airflow.task.hooks.airflow.providers.standard.hooks.subprocess.SubprocessHook"}
{"timestamp":"2025-09-17T16:39:00.478483","level":"info","event":"/Users/rail/PracticalML/MLOps-practice/.venv/lib/python3.9/site-packages/sklearn/utils/extmath.py:203: RuntimeWarning: overflow encountered in matmul","logger":"airflow.task.hooks.airflow.providers.standard.hooks.subprocess.SubprocessHook"}
{"timestamp":"2025-09-17T16:39:00.478508","level":"info","event":"  ret = a @ b","logger":"airflow.task.hooks.airflow.providers.standard.hooks.subprocess.SubprocessHook"}
{"timestamp":"2025-09-17T16:39:00.478531","level":"info","event":"/Users/rail/PracticalML/MLOps-practice/.venv/lib/python3.9/site-packages/sklearn/utils/extmath.py:203: RuntimeWarning: invalid value encountered in matmul","logger":"airflow.task.hooks.airflow.providers.standard.hooks.subprocess.SubprocessHook"}
{"timestamp":"2025-09-17T16:39:00.478552","level":"info","event":"  ret = a @ b","logger":"airflow.task.hooks.airflow.providers.standard.hooks.subprocess.SubprocessHook"}
{"timestamp":"2025-09-17T16:39:00.506956","level":"info","event":"/Users/rail/PracticalML/MLOps-practice/.venv/lib/python3.9/site-packages/sklearn/model_selection/_validation.py:528: FitFailedWarning:","logger":"airflow.task.hooks.airflow.providers.standard.hooks.subprocess.SubprocessHook"}
{"timestamp":"2025-09-17T16:39:00.507034","level":"info","event":"10 fits failed out of a total of 20.","logger":"airflow.task.hooks.airflow.providers.standard.hooks.subprocess.SubprocessHook"}
{"timestamp":"2025-09-17T16:39:00.507073","level":"info","event":"The score on these train-test partitions for these parameters will be set to nan.","logger":"airflow.task.hooks.airflow.providers.standard.hooks.subprocess.SubprocessHook"}
{"timestamp":"2025-09-17T16:39:00.507096","level":"info","event":"If these failures are not expected, you can try to debug them by setting error_score='raise'.","logger":"airflow.task.hooks.airflow.providers.standard.hooks.subprocess.SubprocessHook"}
{"timestamp":"2025-09-17T16:39:00.507132","level":"info","event":"","logger":"airflow.task.hooks.airflow.providers.standard.hooks.subprocess.SubprocessHook"}
{"timestamp":"2025-09-17T16:39:00.507155","level":"info","event":"Below are more details about the failures:","logger":"airflow.task.hooks.airflow.providers.standard.hooks.subprocess.SubprocessHook"}
{"timestamp":"2025-09-17T16:39:00.507175","level":"info","event":"--------------------------------------------------------------------------------","logger":"airflow.task.hooks.airflow.providers.standard.hooks.subprocess.SubprocessHook"}
{"timestamp":"2025-09-17T16:39:00.507194","level":"info","event":"5 fits failed with the following error:","logger":"airflow.task.hooks.airflow.providers.standard.hooks.subprocess.SubprocessHook"}
{"timestamp":"2025-09-17T16:39:00.507213","level":"info","event":"Traceback (most recent call last):","logger":"airflow.task.hooks.airflow.providers.standard.hooks.subprocess.SubprocessHook"}
{"timestamp":"2025-09-17T16:39:00.507231","level":"info","event":"  File \"/Users/rail/PracticalML/MLOps-practice/.venv/lib/python3.9/site-packages/sklearn/model_selection/_validation.py\", line 866, in _fit_and_score","logger":"airflow.task.hooks.airflow.providers.standard.hooks.subprocess.SubprocessHook"}
{"timestamp":"2025-09-17T16:39:00.507250","level":"info","event":"    estimator.fit(X_train, y_train, **fit_params)","logger":"airflow.task.hooks.airflow.providers.standard.hooks.subprocess.SubprocessHook"}
{"timestamp":"2025-09-17T16:39:00.507269","level":"info","event":"  File \"/Users/rail/PracticalML/MLOps-practice/.venv/lib/python3.9/site-packages/sklearn/base.py\", line 1389, in wrapper","logger":"airflow.task.hooks.airflow.providers.standard.hooks.subprocess.SubprocessHook"}
{"timestamp":"2025-09-17T16:39:00.507288","level":"info","event":"    return fit_method(estimator, *args, **kwargs)","logger":"airflow.task.hooks.airflow.providers.standard.hooks.subprocess.SubprocessHook"}
{"timestamp":"2025-09-17T16:39:00.507306","level":"info","event":"  File \"/Users/rail/PracticalML/MLOps-practice/.venv/lib/python3.9/site-packages/sklearn/linear_model/_logistic.py\", line 1203, in fit","logger":"airflow.task.hooks.airflow.providers.standard.hooks.subprocess.SubprocessHook"}
{"timestamp":"2025-09-17T16:39:00.507325","level":"info","event":"    raise ValueError(\"l1_ratio must be specified when penalty is elasticnet.\")","logger":"airflow.task.hooks.airflow.providers.standard.hooks.subprocess.SubprocessHook"}
{"timestamp":"2025-09-17T16:39:00.507343","level":"info","event":"ValueError: l1_ratio must be specified when penalty is elasticnet.","logger":"airflow.task.hooks.airflow.providers.standard.hooks.subprocess.SubprocessHook"}
{"timestamp":"2025-09-17T16:39:00.507361","level":"info","event":"","logger":"airflow.task.hooks.airflow.providers.standard.hooks.subprocess.SubprocessHook"}
{"timestamp":"2025-09-17T16:39:00.507379","level":"info","event":"--------------------------------------------------------------------------------","logger":"airflow.task.hooks.airflow.providers.standard.hooks.subprocess.SubprocessHook"}
{"timestamp":"2025-09-17T16:39:00.507397","level":"info","event":"5 fits failed with the following error:","logger":"airflow.task.hooks.airflow.providers.standard.hooks.subprocess.SubprocessHook"}
{"timestamp":"2025-09-17T16:39:00.507415","level":"info","event":"Traceback (most recent call last):","logger":"airflow.task.hooks.airflow.providers.standard.hooks.subprocess.SubprocessHook"}
{"timestamp":"2025-09-17T16:39:00.507433","level":"info","event":"  File \"/Users/rail/PracticalML/MLOps-practice/.venv/lib/python3.9/site-packages/sklearn/model_selection/_validation.py\", line 866, in _fit_and_score","logger":"airflow.task.hooks.airflow.providers.standard.hooks.subprocess.SubprocessHook"}
{"timestamp":"2025-09-17T16:39:00.507452","level":"info","event":"    estimator.fit(X_train, y_train, **fit_params)","logger":"airflow.task.hooks.airflow.providers.standard.hooks.subprocess.SubprocessHook"}
{"timestamp":"2025-09-17T16:39:00.507470","level":"info","event":"  File \"/Users/rail/PracticalML/MLOps-practice/.venv/lib/python3.9/site-packages/sklearn/base.py\", line 1382, in wrapper","logger":"airflow.task.hooks.airflow.providers.standard.hooks.subprocess.SubprocessHook"}
{"timestamp":"2025-09-17T16:39:00.507488","level":"info","event":"    estimator._validate_params()","logger":"airflow.task.hooks.airflow.providers.standard.hooks.subprocess.SubprocessHook"}
{"timestamp":"2025-09-17T16:39:00.507506","level":"info","event":"  File \"/Users/rail/PracticalML/MLOps-practice/.venv/lib/python3.9/site-packages/sklearn/base.py\", line 436, in _validate_params","logger":"airflow.task.hooks.airflow.providers.standard.hooks.subprocess.SubprocessHook"}
{"timestamp":"2025-09-17T16:39:00.507524","level":"info","event":"    validate_parameter_constraints(","logger":"airflow.task.hooks.airflow.providers.standard.hooks.subprocess.SubprocessHook"}
{"timestamp":"2025-09-17T16:39:00.507542","level":"info","event":"  File \"/Users/rail/PracticalML/MLOps-practice/.venv/lib/python3.9/site-packages/sklearn/utils/_param_validation.py\", line 98, in validate_parameter_constraints","logger":"airflow.task.hooks.airflow.providers.standard.hooks.subprocess.SubprocessHook"}
{"timestamp":"2025-09-17T16:39:00.507564","level":"info","event":"    raise InvalidParameterError(","logger":"airflow.task.hooks.airflow.providers.standard.hooks.subprocess.SubprocessHook"}
{"timestamp":"2025-09-17T16:39:00.507582","level":"info","event":"sklearn.utils._param_validation.InvalidParameterError: The 'penalty' parameter of LogisticRegression must be a str among {'l2', 'elasticnet', 'l1'} or None. Got 'none' instead.","logger":"airflow.task.hooks.airflow.providers.standard.hooks.subprocess.SubprocessHook"}
{"timestamp":"2025-09-17T16:39:00.507601","level":"info","event":"","logger":"airflow.task.hooks.airflow.providers.standard.hooks.subprocess.SubprocessHook"}
{"timestamp":"2025-09-17T16:39:00.507619","level":"info","event":"  warnings.warn(some_fits_failed_message, FitFailedWarning)","logger":"airflow.task.hooks.airflow.providers.standard.hooks.subprocess.SubprocessHook"}
{"timestamp":"2025-09-17T16:39:00.509413","level":"info","event":"/Users/rail/PracticalML/MLOps-practice/.venv/lib/python3.9/site-packages/sklearn/model_selection/_search.py:1108: UserWarning: One or more of the test scores are non-finite: [0.87453538 0.87453538        nan        nan]","logger":"airflow.task.hooks.airflow.providers.standard.hooks.subprocess.SubprocessHook"}
{"timestamp":"2025-09-17T16:39:00.509445","level":"info","event":"  warnings.warn(","logger":"airflow.task.hooks.airflow.providers.standard.hooks.subprocess.SubprocessHook"}
{"timestamp":"2025-09-17T16:39:01.013666","level":"info","event":"/Users/rail/PracticalML/MLOps-practice/.venv/lib/python3.9/site-packages/sklearn/utils/extmath.py:203: RuntimeWarning: divide by zero encountered in matmul","logger":"airflow.task.hooks.airflow.providers.standard.hooks.subprocess.SubprocessHook"}
{"timestamp":"2025-09-17T16:39:01.013738","level":"info","event":"  ret = a @ b","logger":"airflow.task.hooks.airflow.providers.standard.hooks.subprocess.SubprocessHook"}
{"timestamp":"2025-09-17T16:39:01.013768","level":"info","event":"/Users/rail/PracticalML/MLOps-practice/.venv/lib/python3.9/site-packages/sklearn/utils/extmath.py:203: RuntimeWarning: overflow encountered in matmul","logger":"airflow.task.hooks.airflow.providers.standard.hooks.subprocess.SubprocessHook"}
{"timestamp":"2025-09-17T16:39:01.013792","level":"info","event":"  ret = a @ b","logger":"airflow.task.hooks.airflow.providers.standard.hooks.subprocess.SubprocessHook"}
{"timestamp":"2025-09-17T16:39:01.013815","level":"info","event":"/Users/rail/PracticalML/MLOps-practice/.venv/lib/python3.9/site-packages/sklearn/utils/extmath.py:203: RuntimeWarning: invalid value encountered in matmul","logger":"airflow.task.hooks.airflow.providers.standard.hooks.subprocess.SubprocessHook"}
{"timestamp":"2025-09-17T16:39:01.013837","level":"info","event":"  ret = a @ b","logger":"airflow.task.hooks.airflow.providers.standard.hooks.subprocess.SubprocessHook"}
{"timestamp":"2025-09-17T16:39:01.060238","level":"info","event":"2025/09/17 19:39:01 WARNING mlflow.models.model: `artifact_path` is deprecated. Please use `name` instead.","logger":"airflow.task.hooks.airflow.providers.standard.hooks.subprocess.SubprocessHook"}
{"timestamp":"2025-09-17T16:39:02.678972","level":"info","event":"\u001b[31m2025/09/17 19:39:02 WARNING mlflow.models.model: Model logged without a signature and input example. Please set `input_example` parameter when logging the model to auto infer the model signature.\u001b[0m","logger":"airflow.task.hooks.airflow.providers.standard.hooks.subprocess.SubprocessHook"}
{"timestamp":"2025-09-17T16:39:02.715662","level":"info","event":"🏃 View run nimble-croc-960 at: http://127.0.0.1:5000/#/experiments/267800315014913789/runs/13f646bcbb61431589771d15c8704b61","logger":"airflow.task.hooks.airflow.providers.standard.hooks.subprocess.SubprocessHook"}
{"timestamp":"2025-09-17T16:39:02.715774","level":"info","event":"🧪 View experiment at: http://127.0.0.1:5000/#/experiments/267800315014913789","logger":"airflow.task.hooks.airflow.providers.standard.hooks.subprocess.SubprocessHook"}
{"timestamp":"2025-09-17T16:39:02.849928","level":"info","event":"Command exited with return code 0","logger":"airflow.task.hooks.airflow.providers.standard.hooks.subprocess.SubprocessHook"}
{"timestamp":"2025-09-17T16:39:02.850928","level":"info","event":"Pushing xcom","ti":"RuntimeTaskInstance(id=UUID('0199588b-149b-7c5a-9cff-7e7ad0f8d5bd'), task_id='train_model', dag_id='model_training_dag_simple', run_id='manual__2025-09-17T16:38:53.842942+00:00', try_number=1, map_index=-1, hostname='macbook-air-rail.local', context_carrier=None, task=<Task(BashOperator): train_model>, bundle_instance=LocalDagBundle(name=dags-folder), max_tries=0, start_date=datetime.datetime(2025, 9, 17, 16, 38, 54, 557874, tzinfo=datetime.timezone.utc), end_date=None, state=<TaskInstanceState.RUNNING: 'running'>, is_mapped=False, rendered_map_index=None, log_url='http://localhost:8080/dags/model_training_dag_simple/runs/manual__2025-09-17T16%3A38%3A53.842942%2B00%3A00/tasks/train_model?try_number=1')","logger":"task"}
{"timestamp":"2025-09-17T16:39:02.866592Z","level":"info","event":"Task instance in success state","chan":"stdout","logger":"task"}
{"timestamp":"2025-09-17T16:39:02.866651Z","level":"info","event":" Previous state of the Task instance: TaskInstanceState.RUNNING","chan":"stdout","logger":"task"}
{"timestamp":"2025-09-17T16:39:02.867399Z","level":"info","event":"Task operator:<Task(BashOperator): train_model>","chan":"stdout","logger":"task"}
