{"timestamp":"2025-09-17T17:45:16.467389","level":"info","event":"DAG bundles loaded: dags-folder, example_dags","logger":"airflow.dag_processing.bundles.manager.DagBundlesManager"}
{"timestamp":"2025-09-17T17:45:16.467545","level":"info","event":"Filling up the DagBag from /Users/rail/PracticalML/MLOps-practice/services/airflow/dags/entire_pipeline_dag.py","logger":"airflow.models.dagbag.DagBag"}
{"timestamp":"2025-09-17T17:45:16.989431Z","level":"info","event":"Task instance is in running state","chan":"stdout","logger":"task"}
{"timestamp":"2025-09-17T17:45:16.989534Z","level":"info","event":" Previous state of the Task instance: TaskInstanceState.QUEUED","chan":"stdout","logger":"task"}
{"timestamp":"2025-09-17T17:45:16.989899Z","level":"info","event":"Current task name:docker_compose_up","chan":"stdout","logger":"task"}
{"timestamp":"2025-09-17T17:45:16.989975Z","level":"info","event":"Dag name:full_pipeline_dag","chan":"stdout","logger":"task"}
{"timestamp":"2025-09-17T17:45:16.990429","level":"info","event":"Tmp dir root location: /var/folders/2s/dztmgkl93_xfxpgb_dc8lwhw0000gn/T","logger":"airflow.task.hooks.airflow.providers.standard.hooks.subprocess.SubprocessHook"}
{"timestamp":"2025-09-17T17:45:16.990803","level":"info","event":"Running command: ['/bin/bash', '-c', 'cd /Users/rail/PracticalML/MLOps-practice/code/deployment && docker compose up -d --remove-orphans']","logger":"airflow.task.hooks.airflow.providers.standard.hooks.subprocess.SubprocessHook"}
{"timestamp":"2025-09-17T17:45:16.996703","level":"info","event":"Output:","logger":"airflow.task.hooks.airflow.providers.standard.hooks.subprocess.SubprocessHook"}
{"timestamp":"2025-09-17T17:45:17.050786","level":"info","event":"time=\"2025-09-17T20:45:17+03:00\" level=warning msg=\"/Users/rail/PracticalML/MLOps-practice/code/deployment/docker-compose.yml: the attribute `version` is obsolete, it will be ignored, please remove it to avoid potential confusion\"","logger":"airflow.task.hooks.airflow.providers.standard.hooks.subprocess.SubprocessHook"}
{"timestamp":"2025-09-17T17:45:17.077841","level":"info","event":" Container fastapi_service  Recreate","logger":"airflow.task.hooks.airflow.providers.standard.hooks.subprocess.SubprocessHook"}
{"timestamp":"2025-09-17T17:45:17.522017","level":"info","event":" Container fastapi_service  Recreated","logger":"airflow.task.hooks.airflow.providers.standard.hooks.subprocess.SubprocessHook"}
{"timestamp":"2025-09-17T17:45:17.522152","level":"info","event":" Container streamlit_app  Recreate","logger":"airflow.task.hooks.airflow.providers.standard.hooks.subprocess.SubprocessHook"}
{"timestamp":"2025-09-17T17:45:17.776737","level":"info","event":" Container streamlit_app  Recreated","logger":"airflow.task.hooks.airflow.providers.standard.hooks.subprocess.SubprocessHook"}
{"timestamp":"2025-09-17T17:45:17.782994","level":"info","event":" Container fastapi_service  Starting","logger":"airflow.task.hooks.airflow.providers.standard.hooks.subprocess.SubprocessHook"}
{"timestamp":"2025-09-17T17:45:17.869814","level":"info","event":" Container fastapi_service  Started","logger":"airflow.task.hooks.airflow.providers.standard.hooks.subprocess.SubprocessHook"}
{"timestamp":"2025-09-17T17:45:17.870250","level":"info","event":" Container streamlit_app  Starting","logger":"airflow.task.hooks.airflow.providers.standard.hooks.subprocess.SubprocessHook"}
{"timestamp":"2025-09-17T17:45:17.946190","level":"info","event":" Container streamlit_app  Started","logger":"airflow.task.hooks.airflow.providers.standard.hooks.subprocess.SubprocessHook"}
{"timestamp":"2025-09-17T17:45:17.957623","level":"info","event":"Command exited with return code 0","logger":"airflow.task.hooks.airflow.providers.standard.hooks.subprocess.SubprocessHook"}
{"timestamp":"2025-09-17T17:45:17.958606","level":"info","event":"Pushing xcom","ti":"RuntimeTaskInstance(id=UUID('019958c7-9e3b-71fc-8024-32dc377d4189'), task_id='docker_compose_up', dag_id='full_pipeline_dag', run_id='scheduled__2025-09-17T17:45:00+00:00', try_number=1, map_index=-1, hostname='macbook-air-rail.local', context_carrier=None, task=<Task(BashOperator): docker_compose_up>, bundle_instance=LocalDagBundle(name=dags-folder), max_tries=0, start_date=datetime.datetime(2025, 9, 17, 17, 45, 16, 261879, tzinfo=datetime.timezone.utc), end_date=None, state=<TaskInstanceState.RUNNING: 'running'>, is_mapped=False, rendered_map_index=None, log_url='http://localhost:8080/dags/full_pipeline_dag/runs/scheduled__2025-09-17T17%3A45%3A00%2B00%3A00/tasks/docker_compose_up?try_number=1')","logger":"task"}
{"timestamp":"2025-09-17T17:45:17.983066Z","level":"info","event":"Task instance in success state","chan":"stdout","logger":"task"}
{"timestamp":"2025-09-17T17:45:17.983153Z","level":"info","event":" Previous state of the Task instance: TaskInstanceState.RUNNING","chan":"stdout","logger":"task"}
{"timestamp":"2025-09-17T17:45:17.983723Z","level":"info","event":"Task operator:<Task(BashOperator): docker_compose_up>","chan":"stdout","logger":"task"}
