{"timestamp":"2025-09-17T16:17:26.515550","level":"info","event":"DAG bundles loaded: dags-folder, example_dags","logger":"airflow.dag_processing.bundles.manager.DagBundlesManager"}
{"timestamp":"2025-09-17T16:17:26.515714","level":"info","event":"Filling up the DagBag from /Users/rail/PracticalML/MLOps-practice/services/airflow/dags/model_training_dag_simple.py","logger":"airflow.models.dagbag.DagBag"}
{"timestamp":"2025-09-17T16:17:26.554179Z","level":"info","event":"Task instance is in running state","chan":"stdout","logger":"task"}
{"timestamp":"2025-09-17T16:17:26.554270Z","level":"info","event":" Previous state of the Task instance: TaskInstanceState.QUEUED","chan":"stdout","logger":"task"}
{"timestamp":"2025-09-17T16:17:26.555328Z","level":"info","event":"Current task name:train_model","chan":"stdout","logger":"task"}
{"timestamp":"2025-09-17T16:17:26.555375Z","level":"info","event":"Dag name:model_training_dag_simple","chan":"stdout","logger":"task"}
{"timestamp":"2025-09-17T16:17:26.555849","level":"info","event":"Tmp dir root location: /var/folders/2s/dztmgkl93_xfxpgb_dc8lwhw0000gn/T","logger":"airflow.task.hooks.airflow.providers.standard.hooks.subprocess.SubprocessHook"}
{"timestamp":"2025-09-17T16:17:26.556230","level":"info","event":"Running command: ['/bin/bash', '-c', 'python3 /Users/rail/PracticalML/MLOps-practice/code/models/logistic_exp1.py']","logger":"airflow.task.hooks.airflow.providers.standard.hooks.subprocess.SubprocessHook"}
{"timestamp":"2025-09-17T16:17:26.562358","level":"info","event":"Output:","logger":"airflow.task.hooks.airflow.providers.standard.hooks.subprocess.SubprocessHook"}
{"timestamp":"2025-09-17T16:17:27.478228","level":"info","event":"/Users/rail/PracticalML/MLOps-practice/.venv/lib/python3.9/site-packages/urllib3/__init__.py:35: NotOpenSSLWarning: urllib3 v2 only supports OpenSSL 1.1.1+, currently the 'ssl' module is compiled with 'LibreSSL 2.8.3'. See: https://github.com/urllib3/urllib3/issues/3020","logger":"airflow.task.hooks.airflow.providers.standard.hooks.subprocess.SubprocessHook"}
{"timestamp":"2025-09-17T16:17:27.478401","level":"info","event":"  warnings.warn(","logger":"airflow.task.hooks.airflow.providers.standard.hooks.subprocess.SubprocessHook"}
{"timestamp":"2025-09-17T16:17:28.382124","level":"info","event":"/Users/rail/PracticalML/MLOps-practice/.venv/lib/python3.9/site-packages/sklearn/utils/extmath.py:203: RuntimeWarning: divide by zero encountered in matmul","logger":"airflow.task.hooks.airflow.providers.standard.hooks.subprocess.SubprocessHook"}
{"timestamp":"2025-09-17T16:17:28.382210","level":"info","event":"  ret = a @ b","logger":"airflow.task.hooks.airflow.providers.standard.hooks.subprocess.SubprocessHook"}
{"timestamp":"2025-09-17T16:17:28.382241","level":"info","event":"/Users/rail/PracticalML/MLOps-practice/.venv/lib/python3.9/site-packages/sklearn/utils/extmath.py:203: RuntimeWarning: overflow encountered in matmul","logger":"airflow.task.hooks.airflow.providers.standard.hooks.subprocess.SubprocessHook"}
{"timestamp":"2025-09-17T16:17:28.382264","level":"info","event":"  ret = a @ b","logger":"airflow.task.hooks.airflow.providers.standard.hooks.subprocess.SubprocessHook"}
{"timestamp":"2025-09-17T16:17:28.382285","level":"info","event":"/Users/rail/PracticalML/MLOps-practice/.venv/lib/python3.9/site-packages/sklearn/utils/extmath.py:203: RuntimeWarning: invalid value encountered in matmul","logger":"airflow.task.hooks.airflow.providers.standard.hooks.subprocess.SubprocessHook"}
{"timestamp":"2025-09-17T16:17:28.382306","level":"info","event":"  ret = a @ b","logger":"airflow.task.hooks.airflow.providers.standard.hooks.subprocess.SubprocessHook"}
{"timestamp":"2025-09-17T16:17:28.827547","level":"info","event":"/Users/rail/PracticalML/MLOps-practice/.venv/lib/python3.9/site-packages/sklearn/utils/extmath.py:203: RuntimeWarning: divide by zero encountered in matmul","logger":"airflow.task.hooks.airflow.providers.standard.hooks.subprocess.SubprocessHook"}
{"timestamp":"2025-09-17T16:17:28.827613","level":"info","event":"  ret = a @ b","logger":"airflow.task.hooks.airflow.providers.standard.hooks.subprocess.SubprocessHook"}
{"timestamp":"2025-09-17T16:17:28.827642","level":"info","event":"/Users/rail/PracticalML/MLOps-practice/.venv/lib/python3.9/site-packages/sklearn/utils/extmath.py:203: RuntimeWarning: overflow encountered in matmul","logger":"airflow.task.hooks.airflow.providers.standard.hooks.subprocess.SubprocessHook"}
{"timestamp":"2025-09-17T16:17:28.827666","level":"info","event":"  ret = a @ b","logger":"airflow.task.hooks.airflow.providers.standard.hooks.subprocess.SubprocessHook"}
{"timestamp":"2025-09-17T16:17:28.827687","level":"info","event":"/Users/rail/PracticalML/MLOps-practice/.venv/lib/python3.9/site-packages/sklearn/utils/extmath.py:203: RuntimeWarning: invalid value encountered in matmul","logger":"airflow.task.hooks.airflow.providers.standard.hooks.subprocess.SubprocessHook"}
{"timestamp":"2025-09-17T16:17:28.827707","level":"info","event":"  ret = a @ b","logger":"airflow.task.hooks.airflow.providers.standard.hooks.subprocess.SubprocessHook"}
{"timestamp":"2025-09-17T16:17:29.107232","level":"info","event":"/Users/rail/PracticalML/MLOps-practice/.venv/lib/python3.9/site-packages/sklearn/utils/extmath.py:203: RuntimeWarning: divide by zero encountered in matmul","logger":"airflow.task.hooks.airflow.providers.standard.hooks.subprocess.SubprocessHook"}
{"timestamp":"2025-09-17T16:17:29.107292","level":"info","event":"  ret = a @ b","logger":"airflow.task.hooks.airflow.providers.standard.hooks.subprocess.SubprocessHook"}
{"timestamp":"2025-09-17T16:17:29.107318","level":"info","event":"/Users/rail/PracticalML/MLOps-practice/.venv/lib/python3.9/site-packages/sklearn/utils/extmath.py:203: RuntimeWarning: overflow encountered in matmul","logger":"airflow.task.hooks.airflow.providers.standard.hooks.subprocess.SubprocessHook"}
{"timestamp":"2025-09-17T16:17:29.107339","level":"info","event":"  ret = a @ b","logger":"airflow.task.hooks.airflow.providers.standard.hooks.subprocess.SubprocessHook"}
{"timestamp":"2025-09-17T16:17:29.107360","level":"info","event":"/Users/rail/PracticalML/MLOps-practice/.venv/lib/python3.9/site-packages/sklearn/utils/extmath.py:203: RuntimeWarning: invalid value encountered in matmul","logger":"airflow.task.hooks.airflow.providers.standard.hooks.subprocess.SubprocessHook"}
{"timestamp":"2025-09-17T16:17:29.107380","level":"info","event":"  ret = a @ b","logger":"airflow.task.hooks.airflow.providers.standard.hooks.subprocess.SubprocessHook"}
{"timestamp":"2025-09-17T16:17:29.517216","level":"info","event":"/Users/rail/PracticalML/MLOps-practice/.venv/lib/python3.9/site-packages/sklearn/utils/extmath.py:203: RuntimeWarning: divide by zero encountered in matmul","logger":"airflow.task.hooks.airflow.providers.standard.hooks.subprocess.SubprocessHook"}
{"timestamp":"2025-09-17T16:17:29.517286","level":"info","event":"  ret = a @ b","logger":"airflow.task.hooks.airflow.providers.standard.hooks.subprocess.SubprocessHook"}
{"timestamp":"2025-09-17T16:17:29.517317","level":"info","event":"/Users/rail/PracticalML/MLOps-practice/.venv/lib/python3.9/site-packages/sklearn/utils/extmath.py:203: RuntimeWarning: overflow encountered in matmul","logger":"airflow.task.hooks.airflow.providers.standard.hooks.subprocess.SubprocessHook"}
{"timestamp":"2025-09-17T16:17:29.517341","level":"info","event":"  ret = a @ b","logger":"airflow.task.hooks.airflow.providers.standard.hooks.subprocess.SubprocessHook"}
{"timestamp":"2025-09-17T16:17:29.517362","level":"info","event":"/Users/rail/PracticalML/MLOps-practice/.venv/lib/python3.9/site-packages/sklearn/utils/extmath.py:203: RuntimeWarning: invalid value encountered in matmul","logger":"airflow.task.hooks.airflow.providers.standard.hooks.subprocess.SubprocessHook"}
{"timestamp":"2025-09-17T16:17:29.517382","level":"info","event":"  ret = a @ b","logger":"airflow.task.hooks.airflow.providers.standard.hooks.subprocess.SubprocessHook"}
{"timestamp":"2025-09-17T16:17:29.939826","level":"info","event":"/Users/rail/PracticalML/MLOps-practice/.venv/lib/python3.9/site-packages/sklearn/utils/extmath.py:203: RuntimeWarning: divide by zero encountered in matmul","logger":"airflow.task.hooks.airflow.providers.standard.hooks.subprocess.SubprocessHook"}
{"timestamp":"2025-09-17T16:17:29.939893","level":"info","event":"  ret = a @ b","logger":"airflow.task.hooks.airflow.providers.standard.hooks.subprocess.SubprocessHook"}
{"timestamp":"2025-09-17T16:17:29.939924","level":"info","event":"/Users/rail/PracticalML/MLOps-practice/.venv/lib/python3.9/site-packages/sklearn/utils/extmath.py:203: RuntimeWarning: overflow encountered in matmul","logger":"airflow.task.hooks.airflow.providers.standard.hooks.subprocess.SubprocessHook"}
{"timestamp":"2025-09-17T16:17:29.939948","level":"info","event":"  ret = a @ b","logger":"airflow.task.hooks.airflow.providers.standard.hooks.subprocess.SubprocessHook"}
{"timestamp":"2025-09-17T16:17:29.939969","level":"info","event":"/Users/rail/PracticalML/MLOps-practice/.venv/lib/python3.9/site-packages/sklearn/utils/extmath.py:203: RuntimeWarning: invalid value encountered in matmul","logger":"airflow.task.hooks.airflow.providers.standard.hooks.subprocess.SubprocessHook"}
{"timestamp":"2025-09-17T16:17:29.939989","level":"info","event":"  ret = a @ b","logger":"airflow.task.hooks.airflow.providers.standard.hooks.subprocess.SubprocessHook"}
{"timestamp":"2025-09-17T16:17:30.227594","level":"info","event":"/Users/rail/PracticalML/MLOps-practice/.venv/lib/python3.9/site-packages/sklearn/utils/extmath.py:203: RuntimeWarning: divide by zero encountered in matmul","logger":"airflow.task.hooks.airflow.providers.standard.hooks.subprocess.SubprocessHook"}
{"timestamp":"2025-09-17T16:17:30.227657","level":"info","event":"  ret = a @ b","logger":"airflow.task.hooks.airflow.providers.standard.hooks.subprocess.SubprocessHook"}
{"timestamp":"2025-09-17T16:17:30.227687","level":"info","event":"/Users/rail/PracticalML/MLOps-practice/.venv/lib/python3.9/site-packages/sklearn/utils/extmath.py:203: RuntimeWarning: overflow encountered in matmul","logger":"airflow.task.hooks.airflow.providers.standard.hooks.subprocess.SubprocessHook"}
{"timestamp":"2025-09-17T16:17:30.227709","level":"info","event":"  ret = a @ b","logger":"airflow.task.hooks.airflow.providers.standard.hooks.subprocess.SubprocessHook"}
{"timestamp":"2025-09-17T16:17:30.227729","level":"info","event":"/Users/rail/PracticalML/MLOps-practice/.venv/lib/python3.9/site-packages/sklearn/utils/extmath.py:203: RuntimeWarning: invalid value encountered in matmul","logger":"airflow.task.hooks.airflow.providers.standard.hooks.subprocess.SubprocessHook"}
{"timestamp":"2025-09-17T16:17:30.227750","level":"info","event":"  ret = a @ b","logger":"airflow.task.hooks.airflow.providers.standard.hooks.subprocess.SubprocessHook"}
{"timestamp":"2025-09-17T16:17:30.521223","level":"info","event":"/Users/rail/PracticalML/MLOps-practice/.venv/lib/python3.9/site-packages/sklearn/utils/extmath.py:203: RuntimeWarning: divide by zero encountered in matmul","logger":"airflow.task.hooks.airflow.providers.standard.hooks.subprocess.SubprocessHook"}
{"timestamp":"2025-09-17T16:17:30.521289","level":"info","event":"  ret = a @ b","logger":"airflow.task.hooks.airflow.providers.standard.hooks.subprocess.SubprocessHook"}
{"timestamp":"2025-09-17T16:17:30.521321","level":"info","event":"/Users/rail/PracticalML/MLOps-practice/.venv/lib/python3.9/site-packages/sklearn/utils/extmath.py:203: RuntimeWarning: overflow encountered in matmul","logger":"airflow.task.hooks.airflow.providers.standard.hooks.subprocess.SubprocessHook"}
{"timestamp":"2025-09-17T16:17:30.521345","level":"info","event":"  ret = a @ b","logger":"airflow.task.hooks.airflow.providers.standard.hooks.subprocess.SubprocessHook"}
{"timestamp":"2025-09-17T16:17:30.521366","level":"info","event":"/Users/rail/PracticalML/MLOps-practice/.venv/lib/python3.9/site-packages/sklearn/utils/extmath.py:203: RuntimeWarning: invalid value encountered in matmul","logger":"airflow.task.hooks.airflow.providers.standard.hooks.subprocess.SubprocessHook"}
{"timestamp":"2025-09-17T16:17:30.521387","level":"info","event":"  ret = a @ b","logger":"airflow.task.hooks.airflow.providers.standard.hooks.subprocess.SubprocessHook"}
{"timestamp":"2025-09-17T16:17:30.725628","level":"info","event":"/Users/rail/PracticalML/MLOps-practice/.venv/lib/python3.9/site-packages/sklearn/utils/extmath.py:203: RuntimeWarning: divide by zero encountered in matmul","logger":"airflow.task.hooks.airflow.providers.standard.hooks.subprocess.SubprocessHook"}
{"timestamp":"2025-09-17T16:17:30.725697","level":"info","event":"  ret = a @ b","logger":"airflow.task.hooks.airflow.providers.standard.hooks.subprocess.SubprocessHook"}
{"timestamp":"2025-09-17T16:17:30.725729","level":"info","event":"/Users/rail/PracticalML/MLOps-practice/.venv/lib/python3.9/site-packages/sklearn/utils/extmath.py:203: RuntimeWarning: overflow encountered in matmul","logger":"airflow.task.hooks.airflow.providers.standard.hooks.subprocess.SubprocessHook"}
{"timestamp":"2025-09-17T16:17:30.725752","level":"info","event":"  ret = a @ b","logger":"airflow.task.hooks.airflow.providers.standard.hooks.subprocess.SubprocessHook"}
{"timestamp":"2025-09-17T16:17:30.725774","level":"info","event":"/Users/rail/PracticalML/MLOps-practice/.venv/lib/python3.9/site-packages/sklearn/utils/extmath.py:203: RuntimeWarning: invalid value encountered in matmul","logger":"airflow.task.hooks.airflow.providers.standard.hooks.subprocess.SubprocessHook"}
{"timestamp":"2025-09-17T16:17:30.725794","level":"info","event":"  ret = a @ b","logger":"airflow.task.hooks.airflow.providers.standard.hooks.subprocess.SubprocessHook"}
{"timestamp":"2025-09-17T16:17:31.016099","level":"info","event":"/Users/rail/PracticalML/MLOps-practice/.venv/lib/python3.9/site-packages/sklearn/utils/extmath.py:203: RuntimeWarning: divide by zero encountered in matmul","logger":"airflow.task.hooks.airflow.providers.standard.hooks.subprocess.SubprocessHook"}
{"timestamp":"2025-09-17T16:17:31.016158","level":"info","event":"  ret = a @ b","logger":"airflow.task.hooks.airflow.providers.standard.hooks.subprocess.SubprocessHook"}
{"timestamp":"2025-09-17T16:17:31.016185","level":"info","event":"/Users/rail/PracticalML/MLOps-practice/.venv/lib/python3.9/site-packages/sklearn/utils/extmath.py:203: RuntimeWarning: overflow encountered in matmul","logger":"airflow.task.hooks.airflow.providers.standard.hooks.subprocess.SubprocessHook"}
{"timestamp":"2025-09-17T16:17:31.016206","level":"info","event":"  ret = a @ b","logger":"airflow.task.hooks.airflow.providers.standard.hooks.subprocess.SubprocessHook"}
{"timestamp":"2025-09-17T16:17:31.016226","level":"info","event":"/Users/rail/PracticalML/MLOps-practice/.venv/lib/python3.9/site-packages/sklearn/utils/extmath.py:203: RuntimeWarning: invalid value encountered in matmul","logger":"airflow.task.hooks.airflow.providers.standard.hooks.subprocess.SubprocessHook"}
{"timestamp":"2025-09-17T16:17:31.016246","level":"info","event":"  ret = a @ b","logger":"airflow.task.hooks.airflow.providers.standard.hooks.subprocess.SubprocessHook"}
{"timestamp":"2025-09-17T16:17:31.378073","level":"info","event":"/Users/rail/PracticalML/MLOps-practice/.venv/lib/python3.9/site-packages/sklearn/utils/extmath.py:203: RuntimeWarning: divide by zero encountered in matmul","logger":"airflow.task.hooks.airflow.providers.standard.hooks.subprocess.SubprocessHook"}
{"timestamp":"2025-09-17T16:17:31.378138","level":"info","event":"  ret = a @ b","logger":"airflow.task.hooks.airflow.providers.standard.hooks.subprocess.SubprocessHook"}
{"timestamp":"2025-09-17T16:17:31.378169","level":"info","event":"/Users/rail/PracticalML/MLOps-practice/.venv/lib/python3.9/site-packages/sklearn/utils/extmath.py:203: RuntimeWarning: overflow encountered in matmul","logger":"airflow.task.hooks.airflow.providers.standard.hooks.subprocess.SubprocessHook"}
{"timestamp":"2025-09-17T16:17:31.378193","level":"info","event":"  ret = a @ b","logger":"airflow.task.hooks.airflow.providers.standard.hooks.subprocess.SubprocessHook"}
{"timestamp":"2025-09-17T16:17:31.378214","level":"info","event":"/Users/rail/PracticalML/MLOps-practice/.venv/lib/python3.9/site-packages/sklearn/utils/extmath.py:203: RuntimeWarning: invalid value encountered in matmul","logger":"airflow.task.hooks.airflow.providers.standard.hooks.subprocess.SubprocessHook"}
{"timestamp":"2025-09-17T16:17:31.378234","level":"info","event":"  ret = a @ b","logger":"airflow.task.hooks.airflow.providers.standard.hooks.subprocess.SubprocessHook"}
{"timestamp":"2025-09-17T16:17:31.404513","level":"info","event":"/Users/rail/PracticalML/MLOps-practice/.venv/lib/python3.9/site-packages/sklearn/model_selection/_validation.py:528: FitFailedWarning:","logger":"airflow.task.hooks.airflow.providers.standard.hooks.subprocess.SubprocessHook"}
{"timestamp":"2025-09-17T16:17:31.404590","level":"info","event":"10 fits failed out of a total of 20.","logger":"airflow.task.hooks.airflow.providers.standard.hooks.subprocess.SubprocessHook"}
{"timestamp":"2025-09-17T16:17:31.404630","level":"info","event":"The score on these train-test partitions for these parameters will be set to nan.","logger":"airflow.task.hooks.airflow.providers.standard.hooks.subprocess.SubprocessHook"}
{"timestamp":"2025-09-17T16:17:31.404656","level":"info","event":"If these failures are not expected, you can try to debug them by setting error_score='raise'.","logger":"airflow.task.hooks.airflow.providers.standard.hooks.subprocess.SubprocessHook"}
{"timestamp":"2025-09-17T16:17:31.404685","level":"info","event":"","logger":"airflow.task.hooks.airflow.providers.standard.hooks.subprocess.SubprocessHook"}
{"timestamp":"2025-09-17T16:17:31.404707","level":"info","event":"Below are more details about the failures:","logger":"airflow.task.hooks.airflow.providers.standard.hooks.subprocess.SubprocessHook"}
{"timestamp":"2025-09-17T16:17:31.404726","level":"info","event":"--------------------------------------------------------------------------------","logger":"airflow.task.hooks.airflow.providers.standard.hooks.subprocess.SubprocessHook"}
{"timestamp":"2025-09-17T16:17:31.404746","level":"info","event":"5 fits failed with the following error:","logger":"airflow.task.hooks.airflow.providers.standard.hooks.subprocess.SubprocessHook"}
{"timestamp":"2025-09-17T16:17:31.404766","level":"info","event":"Traceback (most recent call last):","logger":"airflow.task.hooks.airflow.providers.standard.hooks.subprocess.SubprocessHook"}
{"timestamp":"2025-09-17T16:17:31.404785","level":"info","event":"  File \"/Users/rail/PracticalML/MLOps-practice/.venv/lib/python3.9/site-packages/sklearn/model_selection/_validation.py\", line 866, in _fit_and_score","logger":"airflow.task.hooks.airflow.providers.standard.hooks.subprocess.SubprocessHook"}
{"timestamp":"2025-09-17T16:17:31.404805","level":"info","event":"    estimator.fit(X_train, y_train, **fit_params)","logger":"airflow.task.hooks.airflow.providers.standard.hooks.subprocess.SubprocessHook"}
{"timestamp":"2025-09-17T16:17:31.404824","level":"info","event":"  File \"/Users/rail/PracticalML/MLOps-practice/.venv/lib/python3.9/site-packages/sklearn/base.py\", line 1389, in wrapper","logger":"airflow.task.hooks.airflow.providers.standard.hooks.subprocess.SubprocessHook"}
{"timestamp":"2025-09-17T16:17:31.404843","level":"info","event":"    return fit_method(estimator, *args, **kwargs)","logger":"airflow.task.hooks.airflow.providers.standard.hooks.subprocess.SubprocessHook"}
{"timestamp":"2025-09-17T16:17:31.404862","level":"info","event":"  File \"/Users/rail/PracticalML/MLOps-practice/.venv/lib/python3.9/site-packages/sklearn/linear_model/_logistic.py\", line 1203, in fit","logger":"airflow.task.hooks.airflow.providers.standard.hooks.subprocess.SubprocessHook"}
{"timestamp":"2025-09-17T16:17:31.404881","level":"info","event":"    raise ValueError(\"l1_ratio must be specified when penalty is elasticnet.\")","logger":"airflow.task.hooks.airflow.providers.standard.hooks.subprocess.SubprocessHook"}
{"timestamp":"2025-09-17T16:17:31.404900","level":"info","event":"ValueError: l1_ratio must be specified when penalty is elasticnet.","logger":"airflow.task.hooks.airflow.providers.standard.hooks.subprocess.SubprocessHook"}
{"timestamp":"2025-09-17T16:17:31.404918","level":"info","event":"","logger":"airflow.task.hooks.airflow.providers.standard.hooks.subprocess.SubprocessHook"}
{"timestamp":"2025-09-17T16:17:31.404937","level":"info","event":"--------------------------------------------------------------------------------","logger":"airflow.task.hooks.airflow.providers.standard.hooks.subprocess.SubprocessHook"}
{"timestamp":"2025-09-17T16:17:31.404955","level":"info","event":"5 fits failed with the following error:","logger":"airflow.task.hooks.airflow.providers.standard.hooks.subprocess.SubprocessHook"}
{"timestamp":"2025-09-17T16:17:31.404974","level":"info","event":"Traceback (most recent call last):","logger":"airflow.task.hooks.airflow.providers.standard.hooks.subprocess.SubprocessHook"}
{"timestamp":"2025-09-17T16:17:31.404992","level":"info","event":"  File \"/Users/rail/PracticalML/MLOps-practice/.venv/lib/python3.9/site-packages/sklearn/model_selection/_validation.py\", line 866, in _fit_and_score","logger":"airflow.task.hooks.airflow.providers.standard.hooks.subprocess.SubprocessHook"}
{"timestamp":"2025-09-17T16:17:31.405011","level":"info","event":"    estimator.fit(X_train, y_train, **fit_params)","logger":"airflow.task.hooks.airflow.providers.standard.hooks.subprocess.SubprocessHook"}
{"timestamp":"2025-09-17T16:17:31.405029","level":"info","event":"  File \"/Users/rail/PracticalML/MLOps-practice/.venv/lib/python3.9/site-packages/sklearn/base.py\", line 1382, in wrapper","logger":"airflow.task.hooks.airflow.providers.standard.hooks.subprocess.SubprocessHook"}
{"timestamp":"2025-09-17T16:17:31.405047","level":"info","event":"    estimator._validate_params()","logger":"airflow.task.hooks.airflow.providers.standard.hooks.subprocess.SubprocessHook"}
{"timestamp":"2025-09-17T16:17:31.405066","level":"info","event":"  File \"/Users/rail/PracticalML/MLOps-practice/.venv/lib/python3.9/site-packages/sklearn/base.py\", line 436, in _validate_params","logger":"airflow.task.hooks.airflow.providers.standard.hooks.subprocess.SubprocessHook"}
{"timestamp":"2025-09-17T16:17:31.405084","level":"info","event":"    validate_parameter_constraints(","logger":"airflow.task.hooks.airflow.providers.standard.hooks.subprocess.SubprocessHook"}
{"timestamp":"2025-09-17T16:17:31.405103","level":"info","event":"  File \"/Users/rail/PracticalML/MLOps-practice/.venv/lib/python3.9/site-packages/sklearn/utils/_param_validation.py\", line 98, in validate_parameter_constraints","logger":"airflow.task.hooks.airflow.providers.standard.hooks.subprocess.SubprocessHook"}
{"timestamp":"2025-09-17T16:17:31.405124","level":"info","event":"    raise InvalidParameterError(","logger":"airflow.task.hooks.airflow.providers.standard.hooks.subprocess.SubprocessHook"}
{"timestamp":"2025-09-17T16:17:31.405142","level":"info","event":"sklearn.utils._param_validation.InvalidParameterError: The 'penalty' parameter of LogisticRegression must be a str among {'l1', 'elasticnet', 'l2'} or None. Got 'none' instead.","logger":"airflow.task.hooks.airflow.providers.standard.hooks.subprocess.SubprocessHook"}
{"timestamp":"2025-09-17T16:17:31.405161","level":"info","event":"","logger":"airflow.task.hooks.airflow.providers.standard.hooks.subprocess.SubprocessHook"}
{"timestamp":"2025-09-17T16:17:31.405179","level":"info","event":"  warnings.warn(some_fits_failed_message, FitFailedWarning)","logger":"airflow.task.hooks.airflow.providers.standard.hooks.subprocess.SubprocessHook"}
{"timestamp":"2025-09-17T16:17:31.406455","level":"info","event":"/Users/rail/PracticalML/MLOps-practice/.venv/lib/python3.9/site-packages/sklearn/model_selection/_search.py:1108: UserWarning: One or more of the test scores are non-finite: [0.87453538 0.87453538        nan        nan]","logger":"airflow.task.hooks.airflow.providers.standard.hooks.subprocess.SubprocessHook"}
{"timestamp":"2025-09-17T16:17:31.406489","level":"info","event":"  warnings.warn(","logger":"airflow.task.hooks.airflow.providers.standard.hooks.subprocess.SubprocessHook"}
{"timestamp":"2025-09-17T16:17:31.918784","level":"info","event":"/Users/rail/PracticalML/MLOps-practice/.venv/lib/python3.9/site-packages/sklearn/utils/extmath.py:203: RuntimeWarning: divide by zero encountered in matmul","logger":"airflow.task.hooks.airflow.providers.standard.hooks.subprocess.SubprocessHook"}
{"timestamp":"2025-09-17T16:17:31.918851","level":"info","event":"  ret = a @ b","logger":"airflow.task.hooks.airflow.providers.standard.hooks.subprocess.SubprocessHook"}
{"timestamp":"2025-09-17T16:17:31.918882","level":"info","event":"/Users/rail/PracticalML/MLOps-practice/.venv/lib/python3.9/site-packages/sklearn/utils/extmath.py:203: RuntimeWarning: overflow encountered in matmul","logger":"airflow.task.hooks.airflow.providers.standard.hooks.subprocess.SubprocessHook"}
{"timestamp":"2025-09-17T16:17:31.918904","level":"info","event":"  ret = a @ b","logger":"airflow.task.hooks.airflow.providers.standard.hooks.subprocess.SubprocessHook"}
{"timestamp":"2025-09-17T16:17:31.918925","level":"info","event":"/Users/rail/PracticalML/MLOps-practice/.venv/lib/python3.9/site-packages/sklearn/utils/extmath.py:203: RuntimeWarning: invalid value encountered in matmul","logger":"airflow.task.hooks.airflow.providers.standard.hooks.subprocess.SubprocessHook"}
{"timestamp":"2025-09-17T16:17:31.918945","level":"info","event":"  ret = a @ b","logger":"airflow.task.hooks.airflow.providers.standard.hooks.subprocess.SubprocessHook"}
{"timestamp":"2025-09-17T16:17:31.971758","level":"info","event":"2025/09/17 19:17:31 WARNING mlflow.models.model: `artifact_path` is deprecated. Please use `name` instead.","logger":"airflow.task.hooks.airflow.providers.standard.hooks.subprocess.SubprocessHook"}
{"timestamp":"2025-09-17T16:17:33.672056","level":"info","event":"\u001b[31m2025/09/17 19:17:33 WARNING mlflow.models.model: Model logged without a signature and input example. Please set `input_example` parameter when logging the model to auto infer the model signature.\u001b[0m","logger":"airflow.task.hooks.airflow.providers.standard.hooks.subprocess.SubprocessHook"}
{"timestamp":"2025-09-17T16:17:33.698727","level":"info","event":"🏃 View run blushing-calf-682 at: http://127.0.0.1:5000/#/experiments/267800315014913789/runs/aabb1bc0914e4c8196ab999071bbc646","logger":"airflow.task.hooks.airflow.providers.standard.hooks.subprocess.SubprocessHook"}
{"timestamp":"2025-09-17T16:17:33.698884","level":"info","event":"🧪 View experiment at: http://127.0.0.1:5000/#/experiments/267800315014913789","logger":"airflow.task.hooks.airflow.providers.standard.hooks.subprocess.SubprocessHook"}
{"timestamp":"2025-09-17T16:17:33.811321","level":"info","event":"Command exited with return code 0","logger":"airflow.task.hooks.airflow.providers.standard.hooks.subprocess.SubprocessHook"}
{"timestamp":"2025-09-17T16:17:33.812251","level":"info","event":"Pushing xcom","ti":"RuntimeTaskInstance(id=UUID('01995877-6a2d-7a1a-a6f8-f70cb84a7940'), task_id='train_model', dag_id='model_training_dag_simple', run_id='manual__2025-09-17T16:17:25.019583+00:00', try_number=1, map_index=-1, hostname='macbook-air-rail.local', context_carrier=None, task=<Task(BashOperator): train_model>, bundle_instance=LocalDagBundle(name=dags-folder), max_tries=0, start_date=datetime.datetime(2025, 9, 17, 16, 17, 25, 691904, tzinfo=datetime.timezone.utc), end_date=None, state=<TaskInstanceState.RUNNING: 'running'>, is_mapped=False, rendered_map_index=None, log_url='http://localhost:8080/dags/model_training_dag_simple/runs/manual__2025-09-17T16%3A17%3A25.019583%2B00%3A00/tasks/train_model?try_number=1')","logger":"task"}
{"timestamp":"2025-09-17T16:17:33.835970Z","level":"info","event":"Task instance in success state","chan":"stdout","logger":"task"}
{"timestamp":"2025-09-17T16:17:33.836026Z","level":"info","event":" Previous state of the Task instance: TaskInstanceState.RUNNING","chan":"stdout","logger":"task"}
{"timestamp":"2025-09-17T16:17:33.836720Z","level":"info","event":"Task operator:<Task(BashOperator): train_model>","chan":"stdout","logger":"task"}
