{"timestamp":"2025-09-17T16:33:02.364457","level":"info","event":"DAG bundles loaded: dags-folder, example_dags","logger":"airflow.dag_processing.bundles.manager.DagBundlesManager"}
{"timestamp":"2025-09-17T16:33:02.364636","level":"info","event":"Filling up the DagBag from /Users/rail/PracticalML/MLOps-practice/services/airflow/dags/deploy_model_pipeline.py","logger":"airflow.models.dagbag.DagBag"}
{"timestamp":"2025-09-17T16:33:02.390101Z","level":"info","event":"Task instance is in running state","chan":"stdout","logger":"task"}
{"timestamp":"2025-09-17T16:33:02.390173Z","level":"info","event":" Previous state of the Task instance: TaskInstanceState.QUEUED","chan":"stdout","logger":"task"}
{"timestamp":"2025-09-17T16:33:02.390383Z","level":"info","event":"Current task name:docker_compose_build","chan":"stdout","logger":"task"}
{"timestamp":"2025-09-17T16:33:02.390406Z","level":"info","event":"Dag name:deploy_model_pipeline","chan":"stdout","logger":"task"}
{"timestamp":"2025-09-17T16:33:02.390663","level":"info","event":"Tmp dir root location: /var/folders/2s/dztmgkl93_xfxpgb_dc8lwhw0000gn/T","logger":"airflow.task.hooks.airflow.providers.standard.hooks.subprocess.SubprocessHook"}
{"timestamp":"2025-09-17T16:33:02.390903","level":"info","event":"Running command: ['/bin/bash', '-c', 'cd /Users/rail/PracticalML/MLOps-practice/code/deployment && docker compose build']","logger":"airflow.task.hooks.airflow.providers.standard.hooks.subprocess.SubprocessHook"}
{"timestamp":"2025-09-17T16:33:02.394464","level":"info","event":"Output:","logger":"airflow.task.hooks.airflow.providers.standard.hooks.subprocess.SubprocessHook"}
{"timestamp":"2025-09-17T16:33:02.632504","level":"info","event":"time=\"2025-09-17T19:33:02+03:00\" level=warning msg=\"/Users/rail/PracticalML/MLOps-practice/code/deployment/docker-compose.yml: the attribute `version` is obsolete, it will be ignored, please remove it to avoid potential confusion\"","logger":"airflow.task.hooks.airflow.providers.standard.hooks.subprocess.SubprocessHook"}
{"timestamp":"2025-09-17T16:33:02.635749","level":"info","event":"Compose can now delegate builds to bake for better performance.","logger":"airflow.task.hooks.airflow.providers.standard.hooks.subprocess.SubprocessHook"}
{"timestamp":"2025-09-17T16:33:02.635977","level":"info","event":" To do so, set COMPOSE_BAKE=true.","logger":"airflow.task.hooks.airflow.providers.standard.hooks.subprocess.SubprocessHook"}
{"timestamp":"2025-09-17T16:33:02.971270","level":"info","event":"#0 building with \"desktop-linux\" instance using docker driver","logger":"airflow.task.hooks.airflow.providers.standard.hooks.subprocess.SubprocessHook"}
{"timestamp":"2025-09-17T16:33:02.971338","level":"info","event":"","logger":"airflow.task.hooks.airflow.providers.standard.hooks.subprocess.SubprocessHook"}
{"timestamp":"2025-09-17T16:33:02.971377","level":"info","event":"#1 [fastapi internal] load build definition from Dockerfile","logger":"airflow.task.hooks.airflow.providers.standard.hooks.subprocess.SubprocessHook"}
{"timestamp":"2025-09-17T16:33:02.971400","level":"info","event":"#1 transferring dockerfile: 259B done","logger":"airflow.task.hooks.airflow.providers.standard.hooks.subprocess.SubprocessHook"}
{"timestamp":"2025-09-17T16:33:02.971421","level":"info","event":"#1 DONE 0.0s","logger":"airflow.task.hooks.airflow.providers.standard.hooks.subprocess.SubprocessHook"}
{"timestamp":"2025-09-17T16:33:02.971442","level":"info","event":"","logger":"airflow.task.hooks.airflow.providers.standard.hooks.subprocess.SubprocessHook"}
{"timestamp":"2025-09-17T16:33:02.971461","level":"info","event":"#2 [fastapi internal] load metadata for docker.io/library/python:3.10-slim","logger":"airflow.task.hooks.airflow.providers.standard.hooks.subprocess.SubprocessHook"}
{"timestamp":"2025-09-17T16:33:04.373559","level":"info","event":"#2 DONE 1.6s","logger":"airflow.task.hooks.airflow.providers.standard.hooks.subprocess.SubprocessHook"}
{"timestamp":"2025-09-17T16:33:04.477870","level":"info","event":"","logger":"airflow.task.hooks.airflow.providers.standard.hooks.subprocess.SubprocessHook"}
{"timestamp":"2025-09-17T16:33:04.477996","level":"info","event":"#3 [fastapi internal] load .dockerignore","logger":"airflow.task.hooks.airflow.providers.standard.hooks.subprocess.SubprocessHook"}
{"timestamp":"2025-09-17T16:33:04.478110","level":"info","event":"#3 transferring context: 2B done","logger":"airflow.task.hooks.airflow.providers.standard.hooks.subprocess.SubprocessHook"}
{"timestamp":"2025-09-17T16:33:04.478166","level":"info","event":"#3 DONE 0.0s","logger":"airflow.task.hooks.airflow.providers.standard.hooks.subprocess.SubprocessHook"}
{"timestamp":"2025-09-17T16:33:04.478214","level":"info","event":"","logger":"airflow.task.hooks.airflow.providers.standard.hooks.subprocess.SubprocessHook"}
{"timestamp":"2025-09-17T16:33:04.478257","level":"info","event":"#4 [fastapi 1/4] FROM docker.io/library/python:3.10-slim@sha256:f8081b61393cc16b2339d377bb523a5646cdd28fc6105612b3893c405d27f730","logger":"airflow.task.hooks.airflow.providers.standard.hooks.subprocess.SubprocessHook"}
{"timestamp":"2025-09-17T16:33:04.478301","level":"info","event":"#4 resolve docker.io/library/python:3.10-slim@sha256:f8081b61393cc16b2339d377bb523a5646cdd28fc6105612b3893c405d27f730 done","logger":"airflow.task.hooks.airflow.providers.standard.hooks.subprocess.SubprocessHook"}
{"timestamp":"2025-09-17T16:33:04.478341","level":"info","event":"#4 DONE 0.0s","logger":"airflow.task.hooks.airflow.providers.standard.hooks.subprocess.SubprocessHook"}
{"timestamp":"2025-09-17T16:33:04.478383","level":"info","event":"","logger":"airflow.task.hooks.airflow.providers.standard.hooks.subprocess.SubprocessHook"}
{"timestamp":"2025-09-17T16:33:04.478423","level":"info","event":"#5 [fastapi 4/4] RUN pip install fastapi uvicorn scikit-learn pandas numpy joblib","logger":"airflow.task.hooks.airflow.providers.standard.hooks.subprocess.SubprocessHook"}
{"timestamp":"2025-09-17T16:33:04.478464","level":"info","event":"#5 CACHED","logger":"airflow.task.hooks.airflow.providers.standard.hooks.subprocess.SubprocessHook"}
{"timestamp":"2025-09-17T16:33:04.478502","level":"info","event":"","logger":"airflow.task.hooks.airflow.providers.standard.hooks.subprocess.SubprocessHook"}
{"timestamp":"2025-09-17T16:33:04.478573","level":"info","event":"#6 [fastapi internal] load build context","logger":"airflow.task.hooks.airflow.providers.standard.hooks.subprocess.SubprocessHook"}
{"timestamp":"2025-09-17T16:33:04.478658","level":"info","event":"#6 transferring context: 2.50kB done","logger":"airflow.task.hooks.airflow.providers.standard.hooks.subprocess.SubprocessHook"}
{"timestamp":"2025-09-17T16:33:04.478707","level":"info","event":"#6 DONE 0.0s","logger":"airflow.task.hooks.airflow.providers.standard.hooks.subprocess.SubprocessHook"}
{"timestamp":"2025-09-17T16:33:04.478752","level":"info","event":"","logger":"airflow.task.hooks.airflow.providers.standard.hooks.subprocess.SubprocessHook"}
{"timestamp":"2025-09-17T16:33:04.478877","level":"info","event":"#7 [fastapi] exporting to image","logger":"airflow.task.hooks.airflow.providers.standard.hooks.subprocess.SubprocessHook"}
{"timestamp":"2025-09-17T16:33:04.478934","level":"info","event":"#7 exporting layers done","logger":"airflow.task.hooks.airflow.providers.standard.hooks.subprocess.SubprocessHook"}
{"timestamp":"2025-09-17T16:33:04.478980","level":"info","event":"#7 exporting manifest sha256:64d6443387c8c68cbc3cdeda61b2c5c768e1975f90cb4aa685dd3f4992ab7375 done","logger":"airflow.task.hooks.airflow.providers.standard.hooks.subprocess.SubprocessHook"}
{"timestamp":"2025-09-17T16:33:04.479035","level":"info","event":"#7 exporting config sha256:f4c7a688bf04c2b085743442872ba973bb8556ceac58b4fe783a565bbf7e6eb8 done","logger":"airflow.task.hooks.airflow.providers.standard.hooks.subprocess.SubprocessHook"}
{"timestamp":"2025-09-17T16:33:04.479080","level":"info","event":"#7 exporting attestation manifest sha256:0bdff0aa3d5d31867fe4f5da7c2d0c294736b68c7b1953012303289c6e04a164 done","logger":"airflow.task.hooks.airflow.providers.standard.hooks.subprocess.SubprocessHook"}
{"timestamp":"2025-09-17T16:33:04.479124","level":"info","event":"#7 exporting manifest list sha256:c1743870f25891954b09bbf1d247d8bbf27b3b94f76b988a9b7a3aa9c6e32b39 done","logger":"airflow.task.hooks.airflow.providers.standard.hooks.subprocess.SubprocessHook"}
{"timestamp":"2025-09-17T16:33:04.479166","level":"info","event":"#7 naming to docker.io/library/deployment-fastapi:latest done","logger":"airflow.task.hooks.airflow.providers.standard.hooks.subprocess.SubprocessHook"}
{"timestamp":"2025-09-17T16:33:04.479208","level":"info","event":"#7 unpacking to docker.io/library/deployment-fastapi:latest done","logger":"airflow.task.hooks.airflow.providers.standard.hooks.subprocess.SubprocessHook"}
{"timestamp":"2025-09-17T16:33:04.479250","level":"info","event":"#7 DONE 0.0s","logger":"airflow.task.hooks.airflow.providers.standard.hooks.subprocess.SubprocessHook"}
{"timestamp":"2025-09-17T16:33:04.479304","level":"info","event":"","logger":"airflow.task.hooks.airflow.providers.standard.hooks.subprocess.SubprocessHook"}
{"timestamp":"2025-09-17T16:33:04.479429","level":"info","event":"#8 [fastapi] resolving provenance for metadata file","logger":"airflow.task.hooks.airflow.providers.standard.hooks.subprocess.SubprocessHook"}
{"timestamp":"2025-09-17T16:33:04.604562","level":"info","event":"#8 DONE 0.0s","logger":"airflow.task.hooks.airflow.providers.standard.hooks.subprocess.SubprocessHook"}
{"timestamp":"2025-09-17T16:33:04.784208","level":"info","event":"","logger":"airflow.task.hooks.airflow.providers.standard.hooks.subprocess.SubprocessHook"}
{"timestamp":"2025-09-17T16:33:04.784312","level":"info","event":"#9 [streamlit internal] load build definition from Dockerfile","logger":"airflow.task.hooks.airflow.providers.standard.hooks.subprocess.SubprocessHook"}
{"timestamp":"2025-09-17T16:33:04.784374","level":"info","event":"#9 transferring dockerfile: 257B done","logger":"airflow.task.hooks.airflow.providers.standard.hooks.subprocess.SubprocessHook"}
{"timestamp":"2025-09-17T16:33:04.784422","level":"info","event":"#9 DONE 0.0s","logger":"airflow.task.hooks.airflow.providers.standard.hooks.subprocess.SubprocessHook"}
{"timestamp":"2025-09-17T16:33:04.784466","level":"info","event":"","logger":"airflow.task.hooks.airflow.providers.standard.hooks.subprocess.SubprocessHook"}
{"timestamp":"2025-09-17T16:33:04.784510","level":"info","event":"#2 [streamlit internal] load metadata for docker.io/library/python:3.10-slim","logger":"airflow.task.hooks.airflow.providers.standard.hooks.subprocess.SubprocessHook"}
{"timestamp":"2025-09-17T16:33:04.916554","level":"info","event":"#2 DONE 1.8s","logger":"airflow.task.hooks.airflow.providers.standard.hooks.subprocess.SubprocessHook"}
{"timestamp":"2025-09-17T16:33:05.019600","level":"info","event":"","logger":"airflow.task.hooks.airflow.providers.standard.hooks.subprocess.SubprocessHook"}
{"timestamp":"2025-09-17T16:33:05.019764","level":"info","event":"#10 [streamlit internal] load .dockerignore","logger":"airflow.task.hooks.airflow.providers.standard.hooks.subprocess.SubprocessHook"}
{"timestamp":"2025-09-17T16:33:05.019839","level":"info","event":"#10 transferring context: 2B done","logger":"airflow.task.hooks.airflow.providers.standard.hooks.subprocess.SubprocessHook"}
{"timestamp":"2025-09-17T16:33:05.019890","level":"info","event":"#10 DONE 0.0s","logger":"airflow.task.hooks.airflow.providers.standard.hooks.subprocess.SubprocessHook"}
{"timestamp":"2025-09-17T16:33:05.019983","level":"info","event":"","logger":"airflow.task.hooks.airflow.providers.standard.hooks.subprocess.SubprocessHook"}
{"timestamp":"2025-09-17T16:33:05.020044","level":"info","event":"#4 [streamlit 1/4] FROM docker.io/library/python:3.10-slim@sha256:f8081b61393cc16b2339d377bb523a5646cdd28fc6105612b3893c405d27f730","logger":"airflow.task.hooks.airflow.providers.standard.hooks.subprocess.SubprocessHook"}
{"timestamp":"2025-09-17T16:33:05.020094","level":"info","event":"#4 resolve docker.io/library/python:3.10-slim@sha256:f8081b61393cc16b2339d377bb523a5646cdd28fc6105612b3893c405d27f730 done","logger":"airflow.task.hooks.airflow.providers.standard.hooks.subprocess.SubprocessHook"}
{"timestamp":"2025-09-17T16:33:05.020139","level":"info","event":"#4 DONE 0.0s","logger":"airflow.task.hooks.airflow.providers.standard.hooks.subprocess.SubprocessHook"}
{"timestamp":"2025-09-17T16:33:05.020280","level":"info","event":"","logger":"airflow.task.hooks.airflow.providers.standard.hooks.subprocess.SubprocessHook"}
{"timestamp":"2025-09-17T16:33:05.020360","level":"info","event":"#11 [streamlit internal] load build context","logger":"airflow.task.hooks.airflow.providers.standard.hooks.subprocess.SubprocessHook"}
{"timestamp":"2025-09-17T16:33:05.020412","level":"info","event":"#11 transferring context: 142B done","logger":"airflow.task.hooks.airflow.providers.standard.hooks.subprocess.SubprocessHook"}
{"timestamp":"2025-09-17T16:33:05.020458","level":"info","event":"#11 DONE 0.0s","logger":"airflow.task.hooks.airflow.providers.standard.hooks.subprocess.SubprocessHook"}
{"timestamp":"2025-09-17T16:33:05.020503","level":"info","event":"","logger":"airflow.task.hooks.airflow.providers.standard.hooks.subprocess.SubprocessHook"}
{"timestamp":"2025-09-17T16:33:05.020546","level":"info","event":"#12 [streamlit 2/4] WORKDIR /app","logger":"airflow.task.hooks.airflow.providers.standard.hooks.subprocess.SubprocessHook"}
{"timestamp":"2025-09-17T16:33:05.020589","level":"info","event":"#12 CACHED","logger":"airflow.task.hooks.airflow.providers.standard.hooks.subprocess.SubprocessHook"}
{"timestamp":"2025-09-17T16:33:05.023107","level":"info","event":"","logger":"airflow.task.hooks.airflow.providers.standard.hooks.subprocess.SubprocessHook"}
{"timestamp":"2025-09-17T16:33:05.023465","level":"info","event":"#13 [streamlit 3/4] COPY . /app","logger":"airflow.task.hooks.airflow.providers.standard.hooks.subprocess.SubprocessHook"}
{"timestamp":"2025-09-17T16:33:05.023580","level":"info","event":"#13 CACHED","logger":"airflow.task.hooks.airflow.providers.standard.hooks.subprocess.SubprocessHook"}
{"timestamp":"2025-09-17T16:33:05.023723","level":"info","event":"","logger":"airflow.task.hooks.airflow.providers.standard.hooks.subprocess.SubprocessHook"}
{"timestamp":"2025-09-17T16:33:05.023776","level":"info","event":"#14 [streamlit 4/4] RUN pip install streamlit requests","logger":"airflow.task.hooks.airflow.providers.standard.hooks.subprocess.SubprocessHook"}
{"timestamp":"2025-09-17T16:33:05.023803","level":"info","event":"#14 CACHED","logger":"airflow.task.hooks.airflow.providers.standard.hooks.subprocess.SubprocessHook"}
{"timestamp":"2025-09-17T16:33:05.023826","level":"info","event":"","logger":"airflow.task.hooks.airflow.providers.standard.hooks.subprocess.SubprocessHook"}
{"timestamp":"2025-09-17T16:33:05.023847","level":"info","event":"#15 [streamlit] exporting to image","logger":"airflow.task.hooks.airflow.providers.standard.hooks.subprocess.SubprocessHook"}
{"timestamp":"2025-09-17T16:33:05.023868","level":"info","event":"#15 exporting layers done","logger":"airflow.task.hooks.airflow.providers.standard.hooks.subprocess.SubprocessHook"}
{"timestamp":"2025-09-17T16:33:05.023888","level":"info","event":"#15 exporting manifest sha256:88c26b0237b6385bf17ef8e08793f0cbcc03f296602e3909ef898bff8f3fae19 done","logger":"airflow.task.hooks.airflow.providers.standard.hooks.subprocess.SubprocessHook"}
{"timestamp":"2025-09-17T16:33:05.023908","level":"info","event":"#15 exporting config sha256:10caf317b335a9a71d5e173f56b25ec7953701363f0e06d56fdc6e745dc2d843 done","logger":"airflow.task.hooks.airflow.providers.standard.hooks.subprocess.SubprocessHook"}
{"timestamp":"2025-09-17T16:33:05.023928","level":"info","event":"#15 exporting attestation manifest sha256:80af351e12d0a49c200247c2dbbfb446a46738c7241296e9ccd17fcc35f557d0 0.0s done","logger":"airflow.task.hooks.airflow.providers.standard.hooks.subprocess.SubprocessHook"}
{"timestamp":"2025-09-17T16:33:05.023948","level":"info","event":"#15 exporting manifest list sha256:720ce772a7710d6b0d231b0b965835e479b5b510df4557fbaa3de2e3d3c0e339 done","logger":"airflow.task.hooks.airflow.providers.standard.hooks.subprocess.SubprocessHook"}
{"timestamp":"2025-09-17T16:33:05.023968","level":"info","event":"#15 naming to docker.io/library/deployment-streamlit:latest done","logger":"airflow.task.hooks.airflow.providers.standard.hooks.subprocess.SubprocessHook"}
{"timestamp":"2025-09-17T16:33:05.023988","level":"info","event":"#15 unpacking to docker.io/library/deployment-streamlit:latest done","logger":"airflow.task.hooks.airflow.providers.standard.hooks.subprocess.SubprocessHook"}
{"timestamp":"2025-09-17T16:33:05.024008","level":"info","event":"#15 DONE 0.0s","logger":"airflow.task.hooks.airflow.providers.standard.hooks.subprocess.SubprocessHook"}
{"timestamp":"2025-09-17T16:33:05.024026","level":"info","event":"","logger":"airflow.task.hooks.airflow.providers.standard.hooks.subprocess.SubprocessHook"}
{"timestamp":"2025-09-17T16:33:05.024044","level":"info","event":"#16 [streamlit] resolving provenance for metadata file","logger":"airflow.task.hooks.airflow.providers.standard.hooks.subprocess.SubprocessHook"}
{"timestamp":"2025-09-17T16:33:05.024063","level":"info","event":"#16 DONE 0.0s","logger":"airflow.task.hooks.airflow.providers.standard.hooks.subprocess.SubprocessHook"}
{"timestamp":"2025-09-17T16:33:05.024082","level":"info","event":" fastapi  Built","logger":"airflow.task.hooks.airflow.providers.standard.hooks.subprocess.SubprocessHook"}
{"timestamp":"2025-09-17T16:33:05.024101","level":"info","event":" streamlit  Built","logger":"airflow.task.hooks.airflow.providers.standard.hooks.subprocess.SubprocessHook"}
{"timestamp":"2025-09-17T16:33:05.031951","level":"info","event":"Command exited with return code 0","logger":"airflow.task.hooks.airflow.providers.standard.hooks.subprocess.SubprocessHook"}
{"timestamp":"2025-09-17T16:33:05.032892","level":"info","event":"Pushing xcom","ti":"RuntimeTaskInstance(id=UUID('01995885-b42b-776d-880f-f915147f3dc6'), task_id='docker_compose_build', dag_id='deploy_model_pipeline', run_id='manual__2025-09-17T16:33:01.473277+00:00', try_number=1, map_index=-1, hostname='macbook-air-rail.local', context_carrier=None, task=<Task(BashOperator): docker_compose_build>, bundle_instance=LocalDagBundle(name=dags-folder), max_tries=0, start_date=datetime.datetime(2025, 9, 17, 16, 33, 2, 81309, tzinfo=datetime.timezone.utc), end_date=None, state=<TaskInstanceState.RUNNING: 'running'>, is_mapped=False, rendered_map_index=None, log_url='http://localhost:8080/dags/deploy_model_pipeline/runs/manual__2025-09-17T16%3A33%3A01.473277%2B00%3A00/tasks/docker_compose_build?try_number=1')","logger":"task"}
{"timestamp":"2025-09-17T16:33:05.054747Z","level":"info","event":"Task instance in success state","chan":"stdout","logger":"task"}
{"timestamp":"2025-09-17T16:33:05.054816Z","level":"info","event":" Previous state of the Task instance: TaskInstanceState.RUNNING","chan":"stdout","logger":"task"}
{"timestamp":"2025-09-17T16:33:05.055577Z","level":"info","event":"Task operator:<Task(BashOperator): docker_compose_build>","chan":"stdout","logger":"task"}
