{"timestamp":"2025-09-17T16:45:34.290494","level":"info","event":"DAG bundles loaded: dags-folder, example_dags","logger":"airflow.dag_processing.bundles.manager.DagBundlesManager"}
{"timestamp":"2025-09-17T16:45:34.290674","level":"info","event":"Filling up the DagBag from /Users/rail/PracticalML/MLOps-practice/services/airflow/dags/deploy_model_pipeline.py","logger":"airflow.models.dagbag.DagBag"}
{"timestamp":"2025-09-17T16:45:34.314941Z","level":"info","event":"Task instance is in running state","chan":"stdout","logger":"task"}
{"timestamp":"2025-09-17T16:45:34.315000Z","level":"info","event":" Previous state of the Task instance: TaskInstanceState.QUEUED","chan":"stdout","logger":"task"}
{"timestamp":"2025-09-17T16:45:34.315155Z","level":"info","event":"Current task name:docker_compose_build","chan":"stdout","logger":"task"}
{"timestamp":"2025-09-17T16:45:34.315178Z","level":"info","event":"Dag name:deploy_model_pipeline","chan":"stdout","logger":"task"}
{"timestamp":"2025-09-17T16:45:34.315398","level":"info","event":"Tmp dir root location: /var/folders/2s/dztmgkl93_xfxpgb_dc8lwhw0000gn/T","logger":"airflow.task.hooks.airflow.providers.standard.hooks.subprocess.SubprocessHook"}
{"timestamp":"2025-09-17T16:45:34.315640","level":"info","event":"Running command: ['/bin/bash', '-c', 'cd /Users/rail/PracticalML/MLOps-practice/code/deployment && docker compose build']","logger":"airflow.task.hooks.airflow.providers.standard.hooks.subprocess.SubprocessHook"}
{"timestamp":"2025-09-17T16:45:34.320362","level":"info","event":"Output:","logger":"airflow.task.hooks.airflow.providers.standard.hooks.subprocess.SubprocessHook"}
{"timestamp":"2025-09-17T16:45:34.502349","level":"info","event":"time=\"2025-09-17T19:45:34+03:00\" level=warning msg=\"/Users/rail/PracticalML/MLOps-practice/code/deployment/docker-compose.yml: the attribute `version` is obsolete, it will be ignored, please remove it to avoid potential confusion\"","logger":"airflow.task.hooks.airflow.providers.standard.hooks.subprocess.SubprocessHook"}
{"timestamp":"2025-09-17T16:45:34.505533","level":"info","event":"Compose can now delegate builds to bake for better performance.","logger":"airflow.task.hooks.airflow.providers.standard.hooks.subprocess.SubprocessHook"}
{"timestamp":"2025-09-17T16:45:34.505598","level":"info","event":" To do so, set COMPOSE_BAKE=true.","logger":"airflow.task.hooks.airflow.providers.standard.hooks.subprocess.SubprocessHook"}
{"timestamp":"2025-09-17T16:45:34.774862","level":"info","event":"#0 building with \"desktop-linux\" instance using docker driver","logger":"airflow.task.hooks.airflow.providers.standard.hooks.subprocess.SubprocessHook"}
{"timestamp":"2025-09-17T16:45:34.774929","level":"info","event":"","logger":"airflow.task.hooks.airflow.providers.standard.hooks.subprocess.SubprocessHook"}
{"timestamp":"2025-09-17T16:45:34.774958","level":"info","event":"#1 [fastapi internal] load build definition from Dockerfile","logger":"airflow.task.hooks.airflow.providers.standard.hooks.subprocess.SubprocessHook"}
{"timestamp":"2025-09-17T16:45:34.774983","level":"info","event":"#1 transferring dockerfile: 259B done","logger":"airflow.task.hooks.airflow.providers.standard.hooks.subprocess.SubprocessHook"}
{"timestamp":"2025-09-17T16:45:34.775005","level":"info","event":"#1 DONE 0.0s","logger":"airflow.task.hooks.airflow.providers.standard.hooks.subprocess.SubprocessHook"}
{"timestamp":"2025-09-17T16:45:34.775025","level":"info","event":"","logger":"airflow.task.hooks.airflow.providers.standard.hooks.subprocess.SubprocessHook"}
{"timestamp":"2025-09-17T16:45:34.775045","level":"info","event":"#2 [fastapi internal] load metadata for docker.io/library/python:3.10-slim","logger":"airflow.task.hooks.airflow.providers.standard.hooks.subprocess.SubprocessHook"}
{"timestamp":"2025-09-17T16:45:34.775064","level":"info","event":"#2 ERROR: failed to authorize: failed to fetch anonymous token: Get \"https://auth.docker.io/token?scope=repository%3Alibrary%2Fpython%3Apull&service=registry.docker.io\": write tcp 240.0.0.2:60217->198.18.0.52:443: write: broken pipe","logger":"airflow.task.hooks.airflow.providers.standard.hooks.subprocess.SubprocessHook"}
{"timestamp":"2025-09-17T16:45:34.801081","level":"info","event":"------","logger":"airflow.task.hooks.airflow.providers.standard.hooks.subprocess.SubprocessHook"}
{"timestamp":"2025-09-17T16:45:34.801159","level":"info","event":" > [fastapi internal] load metadata for docker.io/library/python:3.10-slim:","logger":"airflow.task.hooks.airflow.providers.standard.hooks.subprocess.SubprocessHook"}
{"timestamp":"2025-09-17T16:45:34.801190","level":"info","event":"------","logger":"airflow.task.hooks.airflow.providers.standard.hooks.subprocess.SubprocessHook"}
{"timestamp":"2025-09-17T16:45:34.803506","level":"info","event":"failed to solve: python:3.10-slim: failed to resolve source metadata for docker.io/library/python:3.10-slim: failed to authorize: failed to fetch anonymous token: Get \"https://auth.docker.io/token?scope=repository%3Alibrary%2Fpython%3Apull&service=registry.docker.io\": write tcp 240.0.0.2:60217->198.18.0.52:443: write: broken pipe","logger":"airflow.task.hooks.airflow.providers.standard.hooks.subprocess.SubprocessHook"}
{"timestamp":"2025-09-17T16:45:34.807654","level":"info","event":"Command exited with return code 1","logger":"airflow.task.hooks.airflow.providers.standard.hooks.subprocess.SubprocessHook"}
{"timestamp":"2025-09-17T16:45:34.808079","level":"error","event":"Task failed with exception","logger":"task","error_detail":[{"exc_type":"AirflowException","exc_value":"Bash command failed. The command returned a non-zero exit code 1.","exc_notes":[],"syntax_error":null,"is_cause":false,"frames":[{"filename":"/Users/rail/PracticalML/MLOps-practice/.venv/lib/python3.9/site-packages/airflow/sdk/execution_time/task_runner.py","lineno":920,"name":"run"},{"filename":"/Users/rail/PracticalML/MLOps-practice/.venv/lib/python3.9/site-packages/airflow/sdk/execution_time/task_runner.py","lineno":1215,"name":"_execute_task"},{"filename":"/Users/rail/PracticalML/MLOps-practice/.venv/lib/python3.9/site-packages/airflow/sdk/bases/operator.py","lineno":397,"name":"wrapper"},{"filename":"/Users/rail/PracticalML/MLOps-practice/.venv/lib/python3.9/site-packages/airflow/providers/standard/operators/bash.py","lineno":233,"name":"execute"}],"is_group":false,"exceptions":[]}]}
{"timestamp":"2025-09-17T16:45:34.808708Z","level":"info","event":"Task instance in failure state","chan":"stdout","logger":"task"}
{"timestamp":"2025-09-17T16:45:34.809161Z","level":"info","event":"Task start","chan":"stdout","logger":"task"}
{"timestamp":"2025-09-17T16:45:34.809192Z","level":"info","event":"Task:<Task(BashOperator): docker_compose_build>","chan":"stdout","logger":"task"}
{"timestamp":"2025-09-17T16:45:34.809215Z","level":"info","event":"Failure caused by Bash command failed. The command returned a non-zero exit code 1.","chan":"stdout","logger":"task"}
