{"timestamp":"2025-09-17T17:18:45.453694","level":"info","event":"DAG bundles loaded: dags-folder, example_dags","logger":"airflow.dag_processing.bundles.manager.DagBundlesManager"}
{"timestamp":"2025-09-17T17:18:45.453866","level":"info","event":"Filling up the DagBag from /Users/rail/PracticalML/MLOps-practice/services/airflow/dags/deploy_model_pipeline.py","logger":"airflow.models.dagbag.DagBag"}
{"timestamp":"2025-09-17T17:18:45.491881Z","level":"info","event":"Task instance is in running state","chan":"stdout","logger":"task"}
{"timestamp":"2025-09-17T17:18:45.491943Z","level":"info","event":" Previous state of the Task instance: TaskInstanceState.QUEUED","chan":"stdout","logger":"task"}
{"timestamp":"2025-09-17T17:18:45.492108Z","level":"info","event":"Current task name:docker_compose_up","chan":"stdout","logger":"task"}
{"timestamp":"2025-09-17T17:18:45.492131Z","level":"info","event":"Dag name:deploy_model_pipeline","chan":"stdout","logger":"task"}
{"timestamp":"2025-09-17T17:18:45.492365","level":"info","event":"Tmp dir root location: /var/folders/2s/dztmgkl93_xfxpgb_dc8lwhw0000gn/T","logger":"airflow.task.hooks.airflow.providers.standard.hooks.subprocess.SubprocessHook"}
{"timestamp":"2025-09-17T17:18:45.492680","level":"info","event":"Running command: ['/bin/bash', '-c', 'cd /Users/rail/PracticalML/MLOps-practice/code/deployment && docker compose up -d --remove-orphans']","logger":"airflow.task.hooks.airflow.providers.standard.hooks.subprocess.SubprocessHook"}
{"timestamp":"2025-09-17T17:18:45.496325","level":"info","event":"Output:","logger":"airflow.task.hooks.airflow.providers.standard.hooks.subprocess.SubprocessHook"}
{"timestamp":"2025-09-17T17:18:45.556568","level":"info","event":"time=\"2025-09-17T20:18:45+03:00\" level=warning msg=\"/Users/rail/PracticalML/MLOps-practice/code/deployment/docker-compose.yml: the attribute `version` is obsolete, it will be ignored, please remove it to avoid potential confusion\"","logger":"airflow.task.hooks.airflow.providers.standard.hooks.subprocess.SubprocessHook"}
{"timestamp":"2025-09-17T17:18:45.575681","level":"info","event":" Container fastapi_service  Recreate","logger":"airflow.task.hooks.airflow.providers.standard.hooks.subprocess.SubprocessHook"}
{"timestamp":"2025-09-17T17:18:45.690071","level":"info","event":" Container fastapi_service  Recreated","logger":"airflow.task.hooks.airflow.providers.standard.hooks.subprocess.SubprocessHook"}
{"timestamp":"2025-09-17T17:18:45.691176","level":"info","event":" Container streamlit_app  Recreate","logger":"airflow.task.hooks.airflow.providers.standard.hooks.subprocess.SubprocessHook"}
{"timestamp":"2025-09-17T17:18:45.747330","level":"info","event":" Container streamlit_app  Recreated","logger":"airflow.task.hooks.airflow.providers.standard.hooks.subprocess.SubprocessHook"}
{"timestamp":"2025-09-17T17:18:45.760122","level":"info","event":" Container fastapi_service  Starting","logger":"airflow.task.hooks.airflow.providers.standard.hooks.subprocess.SubprocessHook"}
{"timestamp":"2025-09-17T17:18:45.884075","level":"info","event":" Container fastapi_service  Started","logger":"airflow.task.hooks.airflow.providers.standard.hooks.subprocess.SubprocessHook"}
{"timestamp":"2025-09-17T17:18:45.884311","level":"info","event":" Container streamlit_app  Starting","logger":"airflow.task.hooks.airflow.providers.standard.hooks.subprocess.SubprocessHook"}
{"timestamp":"2025-09-17T17:18:46.000394","level":"info","event":" Container streamlit_app  Started","logger":"airflow.task.hooks.airflow.providers.standard.hooks.subprocess.SubprocessHook"}
{"timestamp":"2025-09-17T17:18:46.023069","level":"info","event":"Command exited with return code 0","logger":"airflow.task.hooks.airflow.providers.standard.hooks.subprocess.SubprocessHook"}
{"timestamp":"2025-09-17T17:18:46.023796","level":"info","event":"Pushing xcom","ti":"RuntimeTaskInstance(id=UUID('019958af-77a9-780f-a97f-a09937bb1388'), task_id='docker_compose_up', dag_id='deploy_model_pipeline', run_id='manual__2025-09-17T17:18:38.494959+00:00', try_number=1, map_index=-1, hostname='macbook-air-rail.local', context_carrier=None, task=<Task(BashOperator): docker_compose_up>, bundle_instance=LocalDagBundle(name=dags-folder), max_tries=0, start_date=datetime.datetime(2025, 9, 17, 17, 18, 44, 610405, tzinfo=datetime.timezone.utc), end_date=None, state=<TaskInstanceState.RUNNING: 'running'>, is_mapped=False, rendered_map_index=None, log_url='http://localhost:8080/dags/deploy_model_pipeline/runs/manual__2025-09-17T17%3A18%3A38.494959%2B00%3A00/tasks/docker_compose_up?try_number=1')","logger":"task"}
{"timestamp":"2025-09-17T17:18:46.048798Z","level":"info","event":"Task instance in success state","chan":"stdout","logger":"task"}
{"timestamp":"2025-09-17T17:18:46.048882Z","level":"info","event":" Previous state of the Task instance: TaskInstanceState.RUNNING","chan":"stdout","logger":"task"}
{"timestamp":"2025-09-17T17:18:46.049233Z","level":"info","event":"Task operator:<Task(BashOperator): docker_compose_up>","chan":"stdout","logger":"task"}
