{"timestamp":"2025-09-17T17:38:26.823901","level":"info","event":"DAG bundles loaded: dags-folder, example_dags","logger":"airflow.dag_processing.bundles.manager.DagBundlesManager"}
{"timestamp":"2025-09-17T17:38:26.824398","level":"info","event":"Filling up the DagBag from /Users/rail/PracticalML/MLOps-practice/services/airflow/dags/deploy_model_pipeline.py","logger":"airflow.models.dagbag.DagBag"}
{"timestamp":"2025-09-17T17:38:26.859483Z","level":"info","event":"Task instance is in running state","chan":"stdout","logger":"task"}
{"timestamp":"2025-09-17T17:38:26.859585Z","level":"info","event":" Previous state of the Task instance: TaskInstanceState.QUEUED","chan":"stdout","logger":"task"}
{"timestamp":"2025-09-17T17:38:26.859857Z","level":"info","event":"Current task name:docker_compose_build","chan":"stdout","logger":"task"}
{"timestamp":"2025-09-17T17:38:26.859899Z","level":"info","event":"Dag name:deploy_model_pipeline","chan":"stdout","logger":"task"}
{"timestamp":"2025-09-17T17:38:26.860206","level":"info","event":"Tmp dir root location: /var/folders/2s/dztmgkl93_xfxpgb_dc8lwhw0000gn/T","logger":"airflow.task.hooks.airflow.providers.standard.hooks.subprocess.SubprocessHook"}
{"timestamp":"2025-09-17T17:38:26.860622","level":"info","event":"Running command: ['/bin/bash', '-c', 'cd /Users/rail/PracticalML/MLOps-practice/code/deployment && docker compose build']","logger":"airflow.task.hooks.airflow.providers.standard.hooks.subprocess.SubprocessHook"}
{"timestamp":"2025-09-17T17:38:26.869640","level":"info","event":"Output:","logger":"airflow.task.hooks.airflow.providers.standard.hooks.subprocess.SubprocessHook"}
{"timestamp":"2025-09-17T17:38:27.101893","level":"info","event":"time=\"2025-09-17T20:38:27+03:00\" level=warning msg=\"/Users/rail/PracticalML/MLOps-practice/code/deployment/docker-compose.yml: the attribute `version` is obsolete, it will be ignored, please remove it to avoid potential confusion\"","logger":"airflow.task.hooks.airflow.providers.standard.hooks.subprocess.SubprocessHook"}
{"timestamp":"2025-09-17T17:38:27.105699","level":"info","event":"Compose can now delegate builds to bake for better performance.","logger":"airflow.task.hooks.airflow.providers.standard.hooks.subprocess.SubprocessHook"}
{"timestamp":"2025-09-17T17:38:27.105869","level":"info","event":" To do so, set COMPOSE_BAKE=true.","logger":"airflow.task.hooks.airflow.providers.standard.hooks.subprocess.SubprocessHook"}
{"timestamp":"2025-09-17T17:38:27.599730","level":"info","event":"#0 building with \"desktop-linux\" instance using docker driver","logger":"airflow.task.hooks.airflow.providers.standard.hooks.subprocess.SubprocessHook"}
{"timestamp":"2025-09-17T17:38:27.599829","level":"info","event":"","logger":"airflow.task.hooks.airflow.providers.standard.hooks.subprocess.SubprocessHook"}
{"timestamp":"2025-09-17T17:38:27.599863","level":"info","event":"#1 [fastapi internal] load build definition from Dockerfile","logger":"airflow.task.hooks.airflow.providers.standard.hooks.subprocess.SubprocessHook"}
{"timestamp":"2025-09-17T17:38:27.599889","level":"info","event":"#1 transferring dockerfile: 259B 0.0s done","logger":"airflow.task.hooks.airflow.providers.standard.hooks.subprocess.SubprocessHook"}
{"timestamp":"2025-09-17T17:38:27.599911","level":"info","event":"#1 DONE 0.0s","logger":"airflow.task.hooks.airflow.providers.standard.hooks.subprocess.SubprocessHook"}
{"timestamp":"2025-09-17T17:38:27.599931","level":"info","event":"","logger":"airflow.task.hooks.airflow.providers.standard.hooks.subprocess.SubprocessHook"}
{"timestamp":"2025-09-17T17:38:27.599951","level":"info","event":"#2 [fastapi internal] load metadata for docker.io/library/python:3.10-slim","logger":"airflow.task.hooks.airflow.providers.standard.hooks.subprocess.SubprocessHook"}
{"timestamp":"2025-09-17T17:38:29.050596","level":"info","event":"#2 DONE 1.6s","logger":"airflow.task.hooks.airflow.providers.standard.hooks.subprocess.SubprocessHook"}
{"timestamp":"2025-09-17T17:38:29.241768","level":"info","event":"","logger":"airflow.task.hooks.airflow.providers.standard.hooks.subprocess.SubprocessHook"}
{"timestamp":"2025-09-17T17:38:29.242394","level":"info","event":"#3 [fastapi internal] load .dockerignore","logger":"airflow.task.hooks.airflow.providers.standard.hooks.subprocess.SubprocessHook"}
{"timestamp":"2025-09-17T17:38:29.242436","level":"info","event":"#3 transferring context: 2B done","logger":"airflow.task.hooks.airflow.providers.standard.hooks.subprocess.SubprocessHook"}
{"timestamp":"2025-09-17T17:38:29.242463","level":"info","event":"#3 DONE 0.0s","logger":"airflow.task.hooks.airflow.providers.standard.hooks.subprocess.SubprocessHook"}
{"timestamp":"2025-09-17T17:38:29.242485","level":"info","event":"","logger":"airflow.task.hooks.airflow.providers.standard.hooks.subprocess.SubprocessHook"}
{"timestamp":"2025-09-17T17:38:29.242506","level":"info","event":"#4 [fastapi 1/4] FROM docker.io/library/python:3.10-slim@sha256:f8081b61393cc16b2339d377bb523a5646cdd28fc6105612b3893c405d27f730","logger":"airflow.task.hooks.airflow.providers.standard.hooks.subprocess.SubprocessHook"}
{"timestamp":"2025-09-17T17:38:29.242530","level":"info","event":"#4 resolve docker.io/library/python:3.10-slim@sha256:f8081b61393cc16b2339d377bb523a5646cdd28fc6105612b3893c405d27f730 done","logger":"airflow.task.hooks.airflow.providers.standard.hooks.subprocess.SubprocessHook"}
{"timestamp":"2025-09-17T17:38:29.242550","level":"info","event":"#4 DONE 0.0s","logger":"airflow.task.hooks.airflow.providers.standard.hooks.subprocess.SubprocessHook"}
{"timestamp":"2025-09-17T17:38:29.242569","level":"info","event":"","logger":"airflow.task.hooks.airflow.providers.standard.hooks.subprocess.SubprocessHook"}
{"timestamp":"2025-09-17T17:38:29.242593","level":"info","event":"#5 [fastapi internal] load build context","logger":"airflow.task.hooks.airflow.providers.standard.hooks.subprocess.SubprocessHook"}
{"timestamp":"2025-09-17T17:38:29.242706","level":"info","event":"#5 transferring context: 132B done","logger":"airflow.task.hooks.airflow.providers.standard.hooks.subprocess.SubprocessHook"}
{"timestamp":"2025-09-17T17:38:29.242728","level":"info","event":"#5 DONE 0.0s","logger":"airflow.task.hooks.airflow.providers.standard.hooks.subprocess.SubprocessHook"}
{"timestamp":"2025-09-17T17:38:29.242747","level":"info","event":"","logger":"airflow.task.hooks.airflow.providers.standard.hooks.subprocess.SubprocessHook"}
{"timestamp":"2025-09-17T17:38:29.242766","level":"info","event":"#6 [fastapi 2/4] WORKDIR /app","logger":"airflow.task.hooks.airflow.providers.standard.hooks.subprocess.SubprocessHook"}
{"timestamp":"2025-09-17T17:38:29.242784","level":"info","event":"#6 CACHED","logger":"airflow.task.hooks.airflow.providers.standard.hooks.subprocess.SubprocessHook"}
{"timestamp":"2025-09-17T17:38:29.242803","level":"info","event":"","logger":"airflow.task.hooks.airflow.providers.standard.hooks.subprocess.SubprocessHook"}
{"timestamp":"2025-09-17T17:38:29.242821","level":"info","event":"#7 [fastapi 3/4] COPY . /app","logger":"airflow.task.hooks.airflow.providers.standard.hooks.subprocess.SubprocessHook"}
{"timestamp":"2025-09-17T17:38:29.242839","level":"info","event":"#7 CACHED","logger":"airflow.task.hooks.airflow.providers.standard.hooks.subprocess.SubprocessHook"}
{"timestamp":"2025-09-17T17:38:29.242858","level":"info","event":"","logger":"airflow.task.hooks.airflow.providers.standard.hooks.subprocess.SubprocessHook"}
{"timestamp":"2025-09-17T17:38:29.242876","level":"info","event":"#8 [fastapi 4/4] RUN pip install fastapi uvicorn scikit-learn pandas numpy joblib","logger":"airflow.task.hooks.airflow.providers.standard.hooks.subprocess.SubprocessHook"}
{"timestamp":"2025-09-17T17:38:29.242894","level":"info","event":"#8 CACHED","logger":"airflow.task.hooks.airflow.providers.standard.hooks.subprocess.SubprocessHook"}
{"timestamp":"2025-09-17T17:38:29.242912","level":"info","event":"","logger":"airflow.task.hooks.airflow.providers.standard.hooks.subprocess.SubprocessHook"}
{"timestamp":"2025-09-17T17:38:29.242930","level":"info","event":"#9 [fastapi] exporting to image","logger":"airflow.task.hooks.airflow.providers.standard.hooks.subprocess.SubprocessHook"}
{"timestamp":"2025-09-17T17:38:29.242948","level":"info","event":"#9 exporting layers done","logger":"airflow.task.hooks.airflow.providers.standard.hooks.subprocess.SubprocessHook"}
{"timestamp":"2025-09-17T17:38:29.242966","level":"info","event":"#9 exporting manifest sha256:64d6443387c8c68cbc3cdeda61b2c5c768e1975f90cb4aa685dd3f4992ab7375 done","logger":"airflow.task.hooks.airflow.providers.standard.hooks.subprocess.SubprocessHook"}
{"timestamp":"2025-09-17T17:38:29.242990","level":"info","event":"#9 exporting config sha256:f4c7a688bf04c2b085743442872ba973bb8556ceac58b4fe783a565bbf7e6eb8 done","logger":"airflow.task.hooks.airflow.providers.standard.hooks.subprocess.SubprocessHook"}
{"timestamp":"2025-09-17T17:38:29.243009","level":"info","event":"#9 exporting attestation manifest sha256:cffd77195d4d865947635bf5b49822d1db07a09169dc2665eae2518d3ea05d56 done","logger":"airflow.task.hooks.airflow.providers.standard.hooks.subprocess.SubprocessHook"}
{"timestamp":"2025-09-17T17:38:29.243029","level":"info","event":"#9 exporting manifest list sha256:54f94298256fce9e8da9cfc8a10c2641c0b221b93e3311761bf2023f7f4e143f done","logger":"airflow.task.hooks.airflow.providers.standard.hooks.subprocess.SubprocessHook"}
{"timestamp":"2025-09-17T17:38:29.243048","level":"info","event":"#9 naming to docker.io/library/deployment-fastapi:latest done","logger":"airflow.task.hooks.airflow.providers.standard.hooks.subprocess.SubprocessHook"}
{"timestamp":"2025-09-17T17:38:29.243066","level":"info","event":"#9 unpacking to docker.io/library/deployment-fastapi:latest done","logger":"airflow.task.hooks.airflow.providers.standard.hooks.subprocess.SubprocessHook"}
{"timestamp":"2025-09-17T17:38:29.243084","level":"info","event":"#9 DONE 0.0s","logger":"airflow.task.hooks.airflow.providers.standard.hooks.subprocess.SubprocessHook"}
{"timestamp":"2025-09-17T17:38:29.243151","level":"info","event":"","logger":"airflow.task.hooks.airflow.providers.standard.hooks.subprocess.SubprocessHook"}
{"timestamp":"2025-09-17T17:38:29.243195","level":"info","event":"#10 [fastapi] resolving provenance for metadata file","logger":"airflow.task.hooks.airflow.providers.standard.hooks.subprocess.SubprocessHook"}
{"timestamp":"2025-09-17T17:38:29.243278","level":"info","event":"#10 DONE 0.0s","logger":"airflow.task.hooks.airflow.providers.standard.hooks.subprocess.SubprocessHook"}
{"timestamp":"2025-09-17T17:38:29.396523","level":"info","event":"","logger":"airflow.task.hooks.airflow.providers.standard.hooks.subprocess.SubprocessHook"}
{"timestamp":"2025-09-17T17:38:29.396602","level":"info","event":"#11 [streamlit internal] load build definition from Dockerfile","logger":"airflow.task.hooks.airflow.providers.standard.hooks.subprocess.SubprocessHook"}
{"timestamp":"2025-09-17T17:38:29.396633","level":"info","event":"#11 transferring dockerfile: 257B done","logger":"airflow.task.hooks.airflow.providers.standard.hooks.subprocess.SubprocessHook"}
{"timestamp":"2025-09-17T17:38:29.396657","level":"info","event":"#11 DONE 0.0s","logger":"airflow.task.hooks.airflow.providers.standard.hooks.subprocess.SubprocessHook"}
{"timestamp":"2025-09-17T17:38:29.396679","level":"info","event":"","logger":"airflow.task.hooks.airflow.providers.standard.hooks.subprocess.SubprocessHook"}
{"timestamp":"2025-09-17T17:38:29.396699","level":"info","event":"#2 [streamlit internal] load metadata for docker.io/library/python:3.10-slim","logger":"airflow.task.hooks.airflow.providers.standard.hooks.subprocess.SubprocessHook"}
{"timestamp":"2025-09-17T17:38:29.583252","level":"info","event":"#2 DONE 1.9s","logger":"airflow.task.hooks.airflow.providers.standard.hooks.subprocess.SubprocessHook"}
{"timestamp":"2025-09-17T17:38:29.648188","level":"info","event":"","logger":"airflow.task.hooks.airflow.providers.standard.hooks.subprocess.SubprocessHook"}
{"timestamp":"2025-09-17T17:38:29.648266","level":"info","event":"#12 [streamlit internal] load .dockerignore","logger":"airflow.task.hooks.airflow.providers.standard.hooks.subprocess.SubprocessHook"}
{"timestamp":"2025-09-17T17:38:29.648294","level":"info","event":"#12 transferring context: 2B done","logger":"airflow.task.hooks.airflow.providers.standard.hooks.subprocess.SubprocessHook"}
{"timestamp":"2025-09-17T17:38:29.648318","level":"info","event":"#12 DONE 0.0s","logger":"airflow.task.hooks.airflow.providers.standard.hooks.subprocess.SubprocessHook"}
{"timestamp":"2025-09-17T17:38:29.648340","level":"info","event":"","logger":"airflow.task.hooks.airflow.providers.standard.hooks.subprocess.SubprocessHook"}
{"timestamp":"2025-09-17T17:38:29.648360","level":"info","event":"#4 [streamlit 1/4] FROM docker.io/library/python:3.10-slim@sha256:f8081b61393cc16b2339d377bb523a5646cdd28fc6105612b3893c405d27f730","logger":"airflow.task.hooks.airflow.providers.standard.hooks.subprocess.SubprocessHook"}
{"timestamp":"2025-09-17T17:38:29.648381","level":"info","event":"#4 resolve docker.io/library/python:3.10-slim@sha256:f8081b61393cc16b2339d377bb523a5646cdd28fc6105612b3893c405d27f730 done","logger":"airflow.task.hooks.airflow.providers.standard.hooks.subprocess.SubprocessHook"}
{"timestamp":"2025-09-17T17:38:29.648401","level":"info","event":"#4 DONE 0.0s","logger":"airflow.task.hooks.airflow.providers.standard.hooks.subprocess.SubprocessHook"}
{"timestamp":"2025-09-17T17:38:29.648421","level":"info","event":"","logger":"airflow.task.hooks.airflow.providers.standard.hooks.subprocess.SubprocessHook"}
{"timestamp":"2025-09-17T17:38:29.648440","level":"info","event":"#13 [streamlit internal] load build context","logger":"airflow.task.hooks.airflow.providers.standard.hooks.subprocess.SubprocessHook"}
{"timestamp":"2025-09-17T17:38:29.648514","level":"info","event":"#13 transferring context: 142B done","logger":"airflow.task.hooks.airflow.providers.standard.hooks.subprocess.SubprocessHook"}
{"timestamp":"2025-09-17T17:38:29.648590","level":"info","event":"#13 DONE 0.0s","logger":"airflow.task.hooks.airflow.providers.standard.hooks.subprocess.SubprocessHook"}
{"timestamp":"2025-09-17T17:38:29.648623","level":"info","event":"","logger":"airflow.task.hooks.airflow.providers.standard.hooks.subprocess.SubprocessHook"}
{"timestamp":"2025-09-17T17:38:29.648646","level":"info","event":"#6 [streamlit 2/4] WORKDIR /app","logger":"airflow.task.hooks.airflow.providers.standard.hooks.subprocess.SubprocessHook"}
{"timestamp":"2025-09-17T17:38:29.648667","level":"info","event":"#6 CACHED","logger":"airflow.task.hooks.airflow.providers.standard.hooks.subprocess.SubprocessHook"}
{"timestamp":"2025-09-17T17:38:29.648687","level":"info","event":"","logger":"airflow.task.hooks.airflow.providers.standard.hooks.subprocess.SubprocessHook"}
{"timestamp":"2025-09-17T17:38:29.648706","level":"info","event":"#14 [streamlit 3/4] COPY . /app","logger":"airflow.task.hooks.airflow.providers.standard.hooks.subprocess.SubprocessHook"}
{"timestamp":"2025-09-17T17:38:29.648725","level":"info","event":"#14 CACHED","logger":"airflow.task.hooks.airflow.providers.standard.hooks.subprocess.SubprocessHook"}
{"timestamp":"2025-09-17T17:38:29.648744","level":"info","event":"","logger":"airflow.task.hooks.airflow.providers.standard.hooks.subprocess.SubprocessHook"}
{"timestamp":"2025-09-17T17:38:29.648763","level":"info","event":"#15 [streamlit 4/4] RUN pip install streamlit requests","logger":"airflow.task.hooks.airflow.providers.standard.hooks.subprocess.SubprocessHook"}
{"timestamp":"2025-09-17T17:38:29.648781","level":"info","event":"#15 CACHED","logger":"airflow.task.hooks.airflow.providers.standard.hooks.subprocess.SubprocessHook"}
{"timestamp":"2025-09-17T17:38:29.648799","level":"info","event":"","logger":"airflow.task.hooks.airflow.providers.standard.hooks.subprocess.SubprocessHook"}
{"timestamp":"2025-09-17T17:38:29.648818","level":"info","event":"#16 [streamlit] exporting to image","logger":"airflow.task.hooks.airflow.providers.standard.hooks.subprocess.SubprocessHook"}
{"timestamp":"2025-09-17T17:38:29.648837","level":"info","event":"#16 exporting layers done","logger":"airflow.task.hooks.airflow.providers.standard.hooks.subprocess.SubprocessHook"}
{"timestamp":"2025-09-17T17:38:29.648855","level":"info","event":"#16 exporting manifest sha256:88c26b0237b6385bf17ef8e08793f0cbcc03f296602e3909ef898bff8f3fae19 done","logger":"airflow.task.hooks.airflow.providers.standard.hooks.subprocess.SubprocessHook"}
{"timestamp":"2025-09-17T17:38:29.648873","level":"info","event":"#16 exporting config sha256:10caf317b335a9a71d5e173f56b25ec7953701363f0e06d56fdc6e745dc2d843 done","logger":"airflow.task.hooks.airflow.providers.standard.hooks.subprocess.SubprocessHook"}
{"timestamp":"2025-09-17T17:38:29.648892","level":"info","event":"#16 exporting attestation manifest sha256:d274b15fd258c8b3a6344039be9c234bfd85e7e4562ce2f39e30330aa6f2e45d done","logger":"airflow.task.hooks.airflow.providers.standard.hooks.subprocess.SubprocessHook"}
{"timestamp":"2025-09-17T17:38:29.648911","level":"info","event":"#16 exporting manifest list sha256:48dd181c4d7c831bbadd022d91890a3e916559e2f2a19a5839233727b403e36f done","logger":"airflow.task.hooks.airflow.providers.standard.hooks.subprocess.SubprocessHook"}
{"timestamp":"2025-09-17T17:38:29.648929","level":"info","event":"#16 naming to docker.io/library/deployment-streamlit:latest done","logger":"airflow.task.hooks.airflow.providers.standard.hooks.subprocess.SubprocessHook"}
{"timestamp":"2025-09-17T17:38:29.648947","level":"info","event":"#16 unpacking to docker.io/library/deployment-streamlit:latest done","logger":"airflow.task.hooks.airflow.providers.standard.hooks.subprocess.SubprocessHook"}
{"timestamp":"2025-09-17T17:38:29.648965","level":"info","event":"#16 DONE 0.0s","logger":"airflow.task.hooks.airflow.providers.standard.hooks.subprocess.SubprocessHook"}
{"timestamp":"2025-09-17T17:38:29.648984","level":"info","event":"","logger":"airflow.task.hooks.airflow.providers.standard.hooks.subprocess.SubprocessHook"}
{"timestamp":"2025-09-17T17:38:29.649002","level":"info","event":"#17 [streamlit] resolving provenance for metadata file","logger":"airflow.task.hooks.airflow.providers.standard.hooks.subprocess.SubprocessHook"}
{"timestamp":"2025-09-17T17:38:29.649020","level":"info","event":"#17 DONE 0.0s","logger":"airflow.task.hooks.airflow.providers.standard.hooks.subprocess.SubprocessHook"}
{"timestamp":"2025-09-17T17:38:29.649038","level":"info","event":" fastapi  Built","logger":"airflow.task.hooks.airflow.providers.standard.hooks.subprocess.SubprocessHook"}
{"timestamp":"2025-09-17T17:38:29.649085","level":"info","event":" streamlit  Built","logger":"airflow.task.hooks.airflow.providers.standard.hooks.subprocess.SubprocessHook"}
{"timestamp":"2025-09-17T17:38:29.655798","level":"info","event":"Command exited with return code 0","logger":"airflow.task.hooks.airflow.providers.standard.hooks.subprocess.SubprocessHook"}
{"timestamp":"2025-09-17T17:38:29.656677","level":"info","event":"Pushing xcom","ti":"RuntimeTaskInstance(id=UUID('019958c1-95d2-7451-bd36-a85369cf9a03'), task_id='docker_compose_build', dag_id='deploy_model_pipeline', run_id='manual__2025-09-17T17:38:25.863514+00:00', try_number=1, map_index=-1, hostname='macbook-air-rail.local', context_carrier=None, task=<Task(BashOperator): docker_compose_build>, bundle_instance=LocalDagBundle(name=dags-folder), max_tries=0, start_date=datetime.datetime(2025, 9, 17, 17, 38, 26, 342655, tzinfo=datetime.timezone.utc), end_date=None, state=<TaskInstanceState.RUNNING: 'running'>, is_mapped=False, rendered_map_index=None, log_url='http://localhost:8080/dags/deploy_model_pipeline/runs/manual__2025-09-17T17%3A38%3A25.863514%2B00%3A00/tasks/docker_compose_build?try_number=1')","logger":"task"}
{"timestamp":"2025-09-17T17:38:29.677213Z","level":"info","event":"Task instance in success state","chan":"stdout","logger":"task"}
{"timestamp":"2025-09-17T17:38:29.677300Z","level":"info","event":" Previous state of the Task instance: TaskInstanceState.RUNNING","chan":"stdout","logger":"task"}
{"timestamp":"2025-09-17T17:38:29.678126Z","level":"info","event":"Task operator:<Task(BashOperator): docker_compose_build>","chan":"stdout","logger":"task"}
